[0.330s] Invoking command in '/home/leonardo/turtlebot3_ws/build/turtlebot3_teleop': PYTHONPATH=/home/leonardo/turtlebot3_ws/build/turtlebot3_teleop/prefix_override:/usr/lib/python3/dist-packages/colcon_core/task/python/colcon_distutils_commands:/home/leonardo/turtlebot3_ws/install/turtlebot3_teleop/lib/python3.10/site-packages:${PYTHONPATH} /usr/bin/python3 -W ignore:setup.py install is deprecated -W ignore:easy_install command is deprecated setup.py develop --editable --build-directory /home/leonardo/turtlebot3_ws/build/turtlebot3_teleop/build --no-deps symlink_data
[0.452s] running develop
[0.518s] running egg_info
[0.518s] creating turtlebot3_teleop.egg-info
[0.518s] writing turtlebot3_teleop.egg-info/PKG-INFO
[0.518s] writing dependency_links to turtlebot3_teleop.egg-info/dependency_links.txt
[0.519s] writing entry points to turtlebot3_teleop.egg-info/entry_points.txt
[0.519s] writing requirements to turtlebot3_teleop.egg-info/requires.txt
[0.519s] writing top-level names to turtlebot3_teleop.egg-info/top_level.txt
[0.519s] writing manifest file 'turtlebot3_teleop.egg-info/SOURCES.txt'
[0.519s] reading manifest file 'turtlebot3_teleop.egg-info/SOURCES.txt'
[0.520s] writing manifest file 'turtlebot3_teleop.egg-info/SOURCES.txt'
[0.520s] running build_ext
[0.520s] Creating /home/leonardo/turtlebot3_ws/install/turtlebot3_teleop/lib/python3.10/site-packages/turtlebot3-teleop.egg-link (link to .)
[0.521s] Installing teleop_keyboard script to /home/leonardo/turtlebot3_ws/install/turtlebot3_teleop/lib/turtlebot3_teleop
[0.521s] 
[0.521s] Installed /home/leonardo/turtlebot3_ws/build/turtlebot3_teleop
[0.521s] running symlink_data
[0.521s] creating /home/leonardo/turtlebot3_ws/install/turtlebot3_teleop/share/ament_index
[0.521s] creating /home/leonardo/turtlebot3_ws/install/turtlebot3_teleop/share/ament_index/resource_index
[0.521s] creating /home/leonardo/turtlebot3_ws/install/turtlebot3_teleop/share/ament_index/resource_index/packages
[0.521s] symbolically linking /home/leonardo/turtlebot3_ws/build/turtlebot3_teleop/resource/turtlebot3_teleop -> /home/leonardo/turtlebot3_ws/install/turtlebot3_teleop/share/ament_index/resource_index/packages
[0.521s] symbolically linking /home/leonardo/turtlebot3_ws/build/turtlebot3_teleop/package.xml -> /home/leonardo/turtlebot3_ws/install/turtlebot3_teleop/share/turtlebot3_teleop
[0.535s] Invoked command in '/home/leonardo/turtlebot3_ws/build/turtlebot3_teleop' returned '0': PYTHONPATH=/home/leonardo/turtlebot3_ws/build/turtlebot3_teleop/prefix_override:/usr/lib/python3/dist-packages/colcon_core/task/python/colcon_distutils_commands:/home/leonardo/turtlebot3_ws/install/turtlebot3_teleop/lib/python3.10/site-packages:${PYTHONPATH} /usr/bin/python3 -W ignore:setup.py install is deprecated -W ignore:easy_install command is deprecated setup.py develop --editable --build-directory /home/leonardo/turtlebot3_ws/build/turtlebot3_teleop/build --no-deps symlink_data
