[0.399s] Invoking command in '/home/leonardo/turtlebot3_ws/build/turtlebot3_teleop': PYTHONPATH=/home/leonardo/turtlebot3_ws/build/turtlebot3_teleop/prefix_override:/usr/lib/python3/dist-packages/colcon_core/task/python/colcon_distutils_commands:/home/leonardo/turtlebot3_ws/install/turtlebot3_teleop/lib/python3.10/site-packages:${PYTHONPATH} /usr/bin/python3 -W ignore:setup.py install is deprecated -W ignore:easy_install command is deprecated setup.py develop --uninstall --editable --build-directory /home/leonardo/turtlebot3_ws/build/turtlebot3_teleop/build
[0.518s] running develop
[0.584s] Removing /home/leonardo/turtlebot3_ws/install/turtlebot3_teleop/lib/python3.10/site-packages/turtlebot3-teleop.egg-link (link to .)
[0.596s] Invoked command in '/home/leonardo/turtlebot3_ws/build/turtlebot3_teleop' returned '0': PYTHONPATH=/home/leonardo/turtlebot3_ws/build/turtlebot3_teleop/prefix_override:/usr/lib/python3/dist-packages/colcon_core/task/python/colcon_distutils_commands:/home/leonardo/turtlebot3_ws/install/turtlebot3_teleop/lib/python3.10/site-packages:${PYTHONPATH} /usr/bin/python3 -W ignore:setup.py install is deprecated -W ignore:easy_install command is deprecated setup.py develop --uninstall --editable --build-directory /home/leonardo/turtlebot3_ws/build/turtlebot3_teleop/build
[0.597s] Invoking command in '/home/leonardo/turtlebot3_ws/src/turtlebot3/turtlebot3_teleop': PYTHONPATH=/home/leonardo/turtlebot3_ws/build/turtlebot3_teleop/prefix_override:/usr/lib/python3/dist-packages/colcon_core/task/python/colcon_distutils_commands:/home/leonardo/turtlebot3_ws/install/turtlebot3_teleop/lib/python3.10/site-packages:${PYTHONPATH} /usr/bin/python3 -W ignore:setup.py install is deprecated -W ignore:easy_install command is deprecated setup.py egg_info --egg-base ../../../build/turtlebot3_teleop build --build-base /home/leonardo/turtlebot3_ws/build/turtlebot3_teleop/build install --record /home/leonardo/turtlebot3_ws/build/turtlebot3_teleop/install.log --single-version-externally-managed install_data --force
[0.707s] running egg_info
[0.708s] writing ../../../build/turtlebot3_teleop/turtlebot3_teleop.egg-info/PKG-INFO
[0.708s] writing dependency_links to ../../../build/turtlebot3_teleop/turtlebot3_teleop.egg-info/dependency_links.txt
[0.708s] writing entry points to ../../../build/turtlebot3_teleop/turtlebot3_teleop.egg-info/entry_points.txt
[0.708s] writing requirements to ../../../build/turtlebot3_teleop/turtlebot3_teleop.egg-info/requires.txt
[0.708s] writing top-level names to ../../../build/turtlebot3_teleop/turtlebot3_teleop.egg-info/top_level.txt
[0.709s] reading manifest file '../../../build/turtlebot3_teleop/turtlebot3_teleop.egg-info/SOURCES.txt'
[0.709s] writing manifest file '../../../build/turtlebot3_teleop/turtlebot3_teleop.egg-info/SOURCES.txt'
[0.709s] running build
[0.709s] running build_py
[0.709s] creating /home/leonardo/turtlebot3_ws/build/turtlebot3_teleop/build
[0.709s] creating /home/leonardo/turtlebot3_ws/build/turtlebot3_teleop/build/lib
[0.709s] creating /home/leonardo/turtlebot3_ws/build/turtlebot3_teleop/build/lib/turtlebot3_teleop
[0.709s] copying turtlebot3_teleop/__init__.py -> /home/leonardo/turtlebot3_ws/build/turtlebot3_teleop/build/lib/turtlebot3_teleop
[0.710s] creating /home/leonardo/turtlebot3_ws/build/turtlebot3_teleop/build/lib/turtlebot3_teleop/script
[0.710s] copying turtlebot3_teleop/script/teleop_keyboard.py -> /home/leonardo/turtlebot3_ws/build/turtlebot3_teleop/build/lib/turtlebot3_teleop/script
[0.710s] copying turtlebot3_teleop/script/__init__.py -> /home/leonardo/turtlebot3_ws/build/turtlebot3_teleop/build/lib/turtlebot3_teleop/script
[0.710s] running install
[0.710s] running install_lib
[0.710s] creating /home/leonardo/turtlebot3_ws/install/turtlebot3_teleop/lib/python3.10/site-packages/turtlebot3_teleop
[0.710s] creating /home/leonardo/turtlebot3_ws/install/turtlebot3_teleop/lib/python3.10/site-packages/turtlebot3_teleop/script
[0.710s] copying /home/leonardo/turtlebot3_ws/build/turtlebot3_teleop/build/lib/turtlebot3_teleop/script/teleop_keyboard.py -> /home/leonardo/turtlebot3_ws/install/turtlebot3_teleop/lib/python3.10/site-packages/turtlebot3_teleop/script
[0.710s] copying /home/leonardo/turtlebot3_ws/build/turtlebot3_teleop/build/lib/turtlebot3_teleop/script/__init__.py -> /home/leonardo/turtlebot3_ws/install/turtlebot3_teleop/lib/python3.10/site-packages/turtlebot3_teleop/script
[0.710s] copying /home/leonardo/turtlebot3_ws/build/turtlebot3_teleop/build/lib/turtlebot3_teleop/__init__.py -> /home/leonardo/turtlebot3_ws/install/turtlebot3_teleop/lib/python3.10/site-packages/turtlebot3_teleop
[0.711s] byte-compiling /home/leonardo/turtlebot3_ws/install/turtlebot3_teleop/lib/python3.10/site-packages/turtlebot3_teleop/script/teleop_keyboard.py to teleop_keyboard.cpython-310.pyc
[0.711s] byte-compiling /home/leonardo/turtlebot3_ws/install/turtlebot3_teleop/lib/python3.10/site-packages/turtlebot3_teleop/script/__init__.py to __init__.cpython-310.pyc
[0.711s] byte-compiling /home/leonardo/turtlebot3_ws/install/turtlebot3_teleop/lib/python3.10/site-packages/turtlebot3_teleop/__init__.py to __init__.cpython-310.pyc
[0.711s] running install_data
[0.711s] copying resource/turtlebot3_teleop -> /home/leonardo/turtlebot3_ws/install/turtlebot3_teleop/share/ament_index/resource_index/packages
[0.712s] copying package.xml -> /home/leonardo/turtlebot3_ws/install/turtlebot3_teleop/share/turtlebot3_teleop
[0.712s] running install_egg_info
[0.713s] Copying ../../../build/turtlebot3_teleop/turtlebot3_teleop.egg-info to /home/leonardo/turtlebot3_ws/install/turtlebot3_teleop/lib/python3.10/site-packages/turtlebot3_teleop-2.1.5-py3.10.egg-info
[0.713s] running install_scripts
[0.723s] Installing teleop_keyboard script to /home/leonardo/turtlebot3_ws/install/turtlebot3_teleop/lib/turtlebot3_teleop
[0.723s] writing list of installed files to '/home/leonardo/turtlebot3_ws/build/turtlebot3_teleop/install.log'
[0.738s] Invoked command in '/home/leonardo/turtlebot3_ws/src/turtlebot3/turtlebot3_teleop' returned '0': PYTHONPATH=/home/leonardo/turtlebot3_ws/build/turtlebot3_teleop/prefix_override:/usr/lib/python3/dist-packages/colcon_core/task/python/colcon_distutils_commands:/home/leonardo/turtlebot3_ws/install/turtlebot3_teleop/lib/python3.10/site-packages:${PYTHONPATH} /usr/bin/python3 -W ignore:setup.py install is deprecated -W ignore:easy_install command is deprecated setup.py egg_info --egg-base ../../../build/turtlebot3_teleop build --build-base /home/leonardo/turtlebot3_ws/build/turtlebot3_teleop/build install --record /home/leonardo/turtlebot3_ws/build/turtlebot3_teleop/install.log --single-version-externally-managed install_data --force
