[0.314s] Invoking command in '/home/leonardo/turtlebot3_ws/build/turtlebot3_example': AMENT_PREFIX_PATH=/home/leonardo/turtlebot3_ws/install/turtlebot3_msgs:${AMENT_PREFIX_PATH} CMAKE_PREFIX_PATH=/home/leonardo/turtlebot3_ws/install/turtlebot3_msgs LD_LIBRARY_PATH=/home/leonardo/turtlebot3_ws/install/turtlebot3_msgs/lib:/usr/lib/x86_64-linux-gnu/gazebo-11/plugins:/opt/ros/humble/opt/rviz_ogre_vendor/lib:/opt/ros/humble/lib/x86_64-linux-gnu:/opt/ros/humble/lib:/usr/lib/x86_64-linux-gnu/gazebo-11/plugins:/usr/lib/x86_64-linux-gnu/gazebo-11/plugins:/usr/lib/x86_64-linux-gnu/gazebo-11/plugins PYTHONPATH=/home/leonardo/turtlebot3_ws/build/turtlebot3_example/prefix_override:/usr/lib/python3/dist-packages/colcon_core/task/python/colcon_distutils_commands:/home/leonardo/turtlebot3_ws/install/turtlebot3_example/lib/python3.10/site-packages:/home/leonardo/turtlebot3_ws/install/turtlebot3_msgs/local/lib/python3.10/dist-packages:${PYTHONPATH} /usr/bin/python3 -W ignore:setup.py install is deprecated -W ignore:easy_install command is deprecated setup.py develop --editable --build-directory /home/leonardo/turtlebot3_ws/build/turtlebot3_example/build --no-deps symlink_data
[0.433s] running develop
[0.500s] running egg_info
[0.500s] creating turtlebot3_example.egg-info
[0.500s] writing turtlebot3_example.egg-info/PKG-INFO
[0.500s] writing dependency_links to turtlebot3_example.egg-info/dependency_links.txt
[0.500s] writing entry points to turtlebot3_example.egg-info/entry_points.txt
[0.500s] writing requirements to turtlebot3_example.egg-info/requires.txt
[0.500s] writing top-level names to turtlebot3_example.egg-info/top_level.txt
[0.500s] writing manifest file 'turtlebot3_example.egg-info/SOURCES.txt'
[0.501s] reading manifest file 'turtlebot3_example.egg-info/SOURCES.txt'
[0.501s] writing manifest file 'turtlebot3_example.egg-info/SOURCES.txt'
[0.502s] running build_ext
[0.502s] Creating /home/leonardo/turtlebot3_ws/install/turtlebot3_example/lib/python3.10/site-packages/turtlebot3-example.egg-link (link to .)
[0.502s] Installing turtlebot3_obstacle_detection script to /home/leonardo/turtlebot3_ws/install/turtlebot3_example/lib/turtlebot3_example
[0.503s] Installing turtlebot3_patrol_client script to /home/leonardo/turtlebot3_ws/install/turtlebot3_example/lib/turtlebot3_example
[0.503s] Installing turtlebot3_patrol_server script to /home/leonardo/turtlebot3_ws/install/turtlebot3_example/lib/turtlebot3_example
[0.503s] Installing turtlebot3_position_control script to /home/leonardo/turtlebot3_ws/install/turtlebot3_example/lib/turtlebot3_example
[0.503s] 
[0.503s] Installed /home/leonardo/turtlebot3_ws/build/turtlebot3_example
[0.503s] running symlink_data
[0.503s] creating /home/leonardo/turtlebot3_ws/install/turtlebot3_example/share/ament_index
[0.503s] creating /home/leonardo/turtlebot3_ws/install/turtlebot3_example/share/ament_index/resource_index
[0.503s] creating /home/leonardo/turtlebot3_ws/install/turtlebot3_example/share/ament_index/resource_index/packages
[0.503s] symbolically linking /home/leonardo/turtlebot3_ws/build/turtlebot3_example/resource/turtlebot3_example -> /home/leonardo/turtlebot3_ws/install/turtlebot3_example/share/ament_index/resource_index/packages
[0.503s] symbolically linking /home/leonardo/turtlebot3_ws/build/turtlebot3_example/package.xml -> /home/leonardo/turtlebot3_ws/install/turtlebot3_example/share/turtlebot3_example
[0.517s] Invoked command in '/home/leonardo/turtlebot3_ws/build/turtlebot3_example' returned '0': AMENT_PREFIX_PATH=/home/leonardo/turtlebot3_ws/install/turtlebot3_msgs:${AMENT_PREFIX_PATH} CMAKE_PREFIX_PATH=/home/leonardo/turtlebot3_ws/install/turtlebot3_msgs LD_LIBRARY_PATH=/home/leonardo/turtlebot3_ws/install/turtlebot3_msgs/lib:/usr/lib/x86_64-linux-gnu/gazebo-11/plugins:/opt/ros/humble/opt/rviz_ogre_vendor/lib:/opt/ros/humble/lib/x86_64-linux-gnu:/opt/ros/humble/lib:/usr/lib/x86_64-linux-gnu/gazebo-11/plugins:/usr/lib/x86_64-linux-gnu/gazebo-11/plugins:/usr/lib/x86_64-linux-gnu/gazebo-11/plugins PYTHONPATH=/home/leonardo/turtlebot3_ws/build/turtlebot3_example/prefix_override:/usr/lib/python3/dist-packages/colcon_core/task/python/colcon_distutils_commands:/home/leonardo/turtlebot3_ws/install/turtlebot3_example/lib/python3.10/site-packages:/home/leonardo/turtlebot3_ws/install/turtlebot3_msgs/local/lib/python3.10/dist-packages:${PYTHONPATH} /usr/bin/python3 -W ignore:setup.py install is deprecated -W ignore:easy_install command is deprecated setup.py develop --editable --build-directory /home/leonardo/turtlebot3_ws/build/turtlebot3_example/build --no-deps symlink_data
