[0.010s] Invoking command in '/home/leonardo/turtlebot3_ws/build/dynamixel_sdk_examples': CMAKE_PREFIX_PATH=/home/leonardo/turtlebot3_ws/install/dynamixel_sdk_custom_interfaces:/home/leonardo/turtlebot3_ws/install/dynamixel_sdk:/home/leonardo/turtlebot3_ws/install/turtlebot3:/home/leonardo/turtlebot3_ws/install/turtlebot3_simulations:/home/leonardo/turtlebot3_ws/install/turtlebot3_bringup:/home/leonardo/turtlebot3_ws/install/turtlebot3_node:/home/leonardo/turtlebot3_ws/install/turtlebot3_navigation2:/home/leonardo/turtlebot3_ws/install/turtlebot3_fake_node:/home/leonardo/turtlebot3_ws/install/turtlebot3_msgs:/home/leonardo/turtlebot3_ws/install/turtlebot3_gazebo:/home/leonardo/turtlebot3_ws/install/turtlebot3_description:/home/leonardo/turtlebot3_ws/install/turtlebot3_cartographer:/home/leonardo/turtlebot3_ws/install/dynamixel_sdk_examples:/home/leonardo/turtlebot3_ws/install/turtlebot3_teleop:/home/leonardo/turtlebot3_ws/install/turtlebot3_example:/opt/ros/humble LD_LIBRARY_PATH=/home/leonardo/turtlebot3_ws/install/dynamixel_sdk_custom_interfaces/lib:/home/leonardo/turtlebot3_ws/install/dynamixel_sdk/lib:/home/leonardo/turtlebot3_ws/install/turtlebot3_msgs/lib:/usr/lib/x86_64-linux-gnu/gazebo-11/plugins:/opt/ros/humble/opt/rviz_ogre_vendor/lib:/opt/ros/humble/lib/x86_64-linux-gnu:/opt/ros/humble/lib:/usr/lib/x86_64-linux-gnu/gazebo-11/plugins /usr/bin/cmake /home/leonardo/turtlebot3_ws/src/DynamixelSDK/dynamixel_sdk_examples -DCMAKE_INSTALL_PREFIX=/home/leonardo/turtlebot3_ws/install/dynamixel_sdk_examples
[0.017s] -- Found ament_cmake: 1.3.11 (/opt/ros/humble/share/ament_cmake/cmake)
[0.094s] -- Override CMake install command with custom implementation using symlinks instead of copying resources
[0.098s] -- Found dynamixel_sdk: 3.7.60 (/home/leonardo/turtlebot3_ws/install/dynamixel_sdk/share/dynamixel_sdk/cmake)
[0.098s] -- Found dynamixel_sdk_custom_interfaces: 3.7.60 (/home/leonardo/turtlebot3_ws/install/dynamixel_sdk_custom_interfaces/share/dynamixel_sdk_custom_interfaces/cmake)
[0.110s] -- Found rosidl_generator_c: 3.1.6 (/opt/ros/humble/share/rosidl_generator_c/cmake)
[0.111s] -- Found rosidl_adapter: 3.1.6 (/opt/ros/humble/share/rosidl_adapter/cmake)
[0.114s] -- Found rosidl_generator_cpp: 3.1.6 (/opt/ros/humble/share/rosidl_generator_cpp/cmake)
[0.119s] -- Using all available rosidl_typesupport_c: rosidl_typesupport_fastrtps_c;rosidl_typesupport_introspection_c
[0.125s] -- Using all available rosidl_typesupport_cpp: rosidl_typesupport_fastrtps_cpp;rosidl_typesupport_introspection_cpp
[0.137s] -- Found rclcpp: 16.0.11 (/opt/ros/humble/share/rclcpp/cmake)
[0.149s] -- Found rmw_implementation_cmake: 6.1.2 (/opt/ros/humble/share/rmw_implementation_cmake/cmake)
[0.150s] -- Found rmw_fastrtps_cpp: 6.2.7 (/opt/ros/humble/share/rmw_fastrtps_cpp/cmake)
[0.208s] -- Using RMW implementation 'rmw_fastrtps_cpp' as default
[0.233s] -- Found ament_lint_auto: 0.12.11 (/opt/ros/humble/share/ament_lint_auto/cmake)
[0.273s] -- Added test 'copyright' to check source files copyright and LICENSE
[0.273s] -- Added test 'cppcheck' to perform static code analysis on C / C++ code
[0.273s] -- Configured cppcheck include dirs: /home/leonardo/turtlebot3_ws/src/DynamixelSDK/dynamixel_sdk_examples/include
[0.273s] -- Configured cppcheck exclude dirs and/or files: 
[0.274s] -- Added test 'cpplint' to check C / C++ code against the Google style
[0.274s] -- Configured cpplint exclude dirs and/or files: 
[0.274s] -- Added test 'lint_cmake' to check CMake code style
[0.274s] -- Added test 'uncrustify' to check C / C++ code style
[0.274s] -- Configured uncrustify additional arguments: 
[0.275s] -- Added test 'xmllint' to check XML markup files
[0.275s] -- Configuring done
[0.281s] -- Generating done
[0.282s] -- Build files have been written to: /home/leonardo/turtlebot3_ws/build/dynamixel_sdk_examples
[0.390s] Invoked command in '/home/leonardo/turtlebot3_ws/build/dynamixel_sdk_examples' returned '0': CMAKE_PREFIX_PATH=/home/leonardo/turtlebot3_ws/install/dynamixel_sdk_custom_interfaces:/home/leonardo/turtlebot3_ws/install/dynamixel_sdk:/home/leonardo/turtlebot3_ws/install/turtlebot3:/home/leonardo/turtlebot3_ws/install/turtlebot3_simulations:/home/leonardo/turtlebot3_ws/install/turtlebot3_bringup:/home/leonardo/turtlebot3_ws/install/turtlebot3_node:/home/leonardo/turtlebot3_ws/install/turtlebot3_navigation2:/home/leonardo/turtlebot3_ws/install/turtlebot3_fake_node:/home/leonardo/turtlebot3_ws/install/turtlebot3_msgs:/home/leonardo/turtlebot3_ws/install/turtlebot3_gazebo:/home/leonardo/turtlebot3_ws/install/turtlebot3_description:/home/leonardo/turtlebot3_ws/install/turtlebot3_cartographer:/home/leonardo/turtlebot3_ws/install/dynamixel_sdk_examples:/home/leonardo/turtlebot3_ws/install/turtlebot3_teleop:/home/leonardo/turtlebot3_ws/install/turtlebot3_example:/opt/ros/humble LD_LIBRARY_PATH=/home/leonardo/turtlebot3_ws/install/dynamixel_sdk_custom_interfaces/lib:/home/leonardo/turtlebot3_ws/install/dynamixel_sdk/lib:/home/leonardo/turtlebot3_ws/install/turtlebot3_msgs/lib:/usr/lib/x86_64-linux-gnu/gazebo-11/plugins:/opt/ros/humble/opt/rviz_ogre_vendor/lib:/opt/ros/humble/lib/x86_64-linux-gnu:/opt/ros/humble/lib:/usr/lib/x86_64-linux-gnu/gazebo-11/plugins /usr/bin/cmake /home/leonardo/turtlebot3_ws/src/DynamixelSDK/dynamixel_sdk_examples -DCMAKE_INSTALL_PREFIX=/home/leonardo/turtlebot3_ws/install/dynamixel_sdk_examples
[0.391s] Invoking command in '/home/leonardo/turtlebot3_ws/build/dynamixel_sdk_examples': CMAKE_PREFIX_PATH=/home/leonardo/turtlebot3_ws/install/dynamixel_sdk_custom_interfaces:/home/leonardo/turtlebot3_ws/install/dynamixel_sdk:/home/leonardo/turtlebot3_ws/install/turtlebot3:/home/leonardo/turtlebot3_ws/install/turtlebot3_simulations:/home/leonardo/turtlebot3_ws/install/turtlebot3_bringup:/home/leonardo/turtlebot3_ws/install/turtlebot3_node:/home/leonardo/turtlebot3_ws/install/turtlebot3_navigation2:/home/leonardo/turtlebot3_ws/install/turtlebot3_fake_node:/home/leonardo/turtlebot3_ws/install/turtlebot3_msgs:/home/leonardo/turtlebot3_ws/install/turtlebot3_gazebo:/home/leonardo/turtlebot3_ws/install/turtlebot3_description:/home/leonardo/turtlebot3_ws/install/turtlebot3_cartographer:/home/leonardo/turtlebot3_ws/install/dynamixel_sdk_examples:/home/leonardo/turtlebot3_ws/install/turtlebot3_teleop:/home/leonardo/turtlebot3_ws/install/turtlebot3_example:/opt/ros/humble LD_LIBRARY_PATH=/home/leonardo/turtlebot3_ws/install/dynamixel_sdk_custom_interfaces/lib:/home/leonardo/turtlebot3_ws/install/dynamixel_sdk/lib:/home/leonardo/turtlebot3_ws/install/turtlebot3_msgs/lib:/usr/lib/x86_64-linux-gnu/gazebo-11/plugins:/opt/ros/humble/opt/rviz_ogre_vendor/lib:/opt/ros/humble/lib/x86_64-linux-gnu:/opt/ros/humble/lib:/usr/lib/x86_64-linux-gnu/gazebo-11/plugins /usr/bin/cmake --build /home/leonardo/turtlebot3_ws/build/dynamixel_sdk_examples -- -j24 -l24
[0.415s] [35m[1mConsolidate compiler generated dependencies of target read_write_node[0m
[0.427s] [ 50%] [32mBuilding CXX object CMakeFiles/read_write_node.dir/src/read_write_node.cpp.o[0m
[5.829s] [100%] [32m[1mLinking CXX executable read_write_node[0m
[6.033s] [100%] Built target read_write_node
[6.043s] Invoked command in '/home/leonardo/turtlebot3_ws/build/dynamixel_sdk_examples' returned '0': CMAKE_PREFIX_PATH=/home/leonardo/turtlebot3_ws/install/dynamixel_sdk_custom_interfaces:/home/leonardo/turtlebot3_ws/install/dynamixel_sdk:/home/leonardo/turtlebot3_ws/install/turtlebot3:/home/leonardo/turtlebot3_ws/install/turtlebot3_simulations:/home/leonardo/turtlebot3_ws/install/turtlebot3_bringup:/home/leonardo/turtlebot3_ws/install/turtlebot3_node:/home/leonardo/turtlebot3_ws/install/turtlebot3_navigation2:/home/leonardo/turtlebot3_ws/install/turtlebot3_fake_node:/home/leonardo/turtlebot3_ws/install/turtlebot3_msgs:/home/leonardo/turtlebot3_ws/install/turtlebot3_gazebo:/home/leonardo/turtlebot3_ws/install/turtlebot3_description:/home/leonardo/turtlebot3_ws/install/turtlebot3_cartographer:/home/leonardo/turtlebot3_ws/install/dynamixel_sdk_examples:/home/leonardo/turtlebot3_ws/install/turtlebot3_teleop:/home/leonardo/turtlebot3_ws/install/turtlebot3_example:/opt/ros/humble LD_LIBRARY_PATH=/home/leonardo/turtlebot3_ws/install/dynamixel_sdk_custom_interfaces/lib:/home/leonardo/turtlebot3_ws/install/dynamixel_sdk/lib:/home/leonardo/turtlebot3_ws/install/turtlebot3_msgs/lib:/usr/lib/x86_64-linux-gnu/gazebo-11/plugins:/opt/ros/humble/opt/rviz_ogre_vendor/lib:/opt/ros/humble/lib/x86_64-linux-gnu:/opt/ros/humble/lib:/usr/lib/x86_64-linux-gnu/gazebo-11/plugins /usr/bin/cmake --build /home/leonardo/turtlebot3_ws/build/dynamixel_sdk_examples -- -j24 -l24
[6.046s] Invoking command in '/home/leonardo/turtlebot3_ws/build/dynamixel_sdk_examples': CMAKE_PREFIX_PATH=/home/leonardo/turtlebot3_ws/install/dynamixel_sdk_custom_interfaces:/home/leonardo/turtlebot3_ws/install/dynamixel_sdk:/home/leonardo/turtlebot3_ws/install/turtlebot3:/home/leonardo/turtlebot3_ws/install/turtlebot3_simulations:/home/leonardo/turtlebot3_ws/install/turtlebot3_bringup:/home/leonardo/turtlebot3_ws/install/turtlebot3_node:/home/leonardo/turtlebot3_ws/install/turtlebot3_navigation2:/home/leonardo/turtlebot3_ws/install/turtlebot3_fake_node:/home/leonardo/turtlebot3_ws/install/turtlebot3_msgs:/home/leonardo/turtlebot3_ws/install/turtlebot3_gazebo:/home/leonardo/turtlebot3_ws/install/turtlebot3_description:/home/leonardo/turtlebot3_ws/install/turtlebot3_cartographer:/home/leonardo/turtlebot3_ws/install/dynamixel_sdk_examples:/home/leonardo/turtlebot3_ws/install/turtlebot3_teleop:/home/leonardo/turtlebot3_ws/install/turtlebot3_example:/opt/ros/humble LD_LIBRARY_PATH=/home/leonardo/turtlebot3_ws/install/dynamixel_sdk_custom_interfaces/lib:/home/leonardo/turtlebot3_ws/install/dynamixel_sdk/lib:/home/leonardo/turtlebot3_ws/install/turtlebot3_msgs/lib:/usr/lib/x86_64-linux-gnu/gazebo-11/plugins:/opt/ros/humble/opt/rviz_ogre_vendor/lib:/opt/ros/humble/lib/x86_64-linux-gnu:/opt/ros/humble/lib:/usr/lib/x86_64-linux-gnu/gazebo-11/plugins /usr/bin/cmake --install /home/leonardo/turtlebot3_ws/build/dynamixel_sdk_examples
[6.050s] -- Install configuration: ""
[6.050s] -- Execute custom install script
[6.051s] -- Up-to-date symlink: /home/leonardo/turtlebot3_ws/install/dynamixel_sdk_examples/lib/dynamixel_sdk_examples/read_write_node
[6.051s] -- Up-to-date symlink: /home/leonardo/turtlebot3_ws/install/dynamixel_sdk_examples/share/ament_index/resource_index/package_run_dependencies/dynamixel_sdk_examples
[6.051s] -- Up-to-date symlink: /home/leonardo/turtlebot3_ws/install/dynamixel_sdk_examples/share/ament_index/resource_index/parent_prefix_path/dynamixel_sdk_examples
[6.052s] -- Up-to-date symlink: /home/leonardo/turtlebot3_ws/install/dynamixel_sdk_examples/share/dynamixel_sdk_examples/environment/ament_prefix_path.sh
[6.052s] -- Up-to-date symlink: /home/leonardo/turtlebot3_ws/install/dynamixel_sdk_examples/share/dynamixel_sdk_examples/environment/ament_prefix_path.dsv
[6.052s] -- Up-to-date symlink: /home/leonardo/turtlebot3_ws/install/dynamixel_sdk_examples/share/dynamixel_sdk_examples/environment/path.sh
[6.052s] -- Up-to-date symlink: /home/leonardo/turtlebot3_ws/install/dynamixel_sdk_examples/share/dynamixel_sdk_examples/environment/path.dsv
[6.052s] -- Up-to-date symlink: /home/leonardo/turtlebot3_ws/install/dynamixel_sdk_examples/share/dynamixel_sdk_examples/local_setup.bash
[6.052s] -- Up-to-date symlink: /home/leonardo/turtlebot3_ws/install/dynamixel_sdk_examples/share/dynamixel_sdk_examples/local_setup.sh
[6.052s] -- Up-to-date symlink: /home/leonardo/turtlebot3_ws/install/dynamixel_sdk_examples/share/dynamixel_sdk_examples/local_setup.zsh
[6.052s] -- Up-to-date symlink: /home/leonardo/turtlebot3_ws/install/dynamixel_sdk_examples/share/dynamixel_sdk_examples/local_setup.dsv
[6.052s] -- Symlinking: /home/leonardo/turtlebot3_ws/install/dynamixel_sdk_examples/share/dynamixel_sdk_examples/package.dsv
[6.059s] -- Up-to-date symlink: /home/leonardo/turtlebot3_ws/install/dynamixel_sdk_examples/share/ament_index/resource_index/packages/dynamixel_sdk_examples
[6.059s] -- Up-to-date symlink: /home/leonardo/turtlebot3_ws/install/dynamixel_sdk_examples/share/dynamixel_sdk_examples/cmake/dynamixel_sdk_examplesConfig.cmake
[6.059s] -- Up-to-date symlink: /home/leonardo/turtlebot3_ws/install/dynamixel_sdk_examples/share/dynamixel_sdk_examples/cmake/dynamixel_sdk_examplesConfig-version.cmake
[6.060s] -- Up-to-date symlink: /home/leonardo/turtlebot3_ws/install/dynamixel_sdk_examples/share/dynamixel_sdk_examples/package.xml
[6.061s] Invoked command in '/home/leonardo/turtlebot3_ws/build/dynamixel_sdk_examples' returned '0': CMAKE_PREFIX_PATH=/home/leonardo/turtlebot3_ws/install/dynamixel_sdk_custom_interfaces:/home/leonardo/turtlebot3_ws/install/dynamixel_sdk:/home/leonardo/turtlebot3_ws/install/turtlebot3:/home/leonardo/turtlebot3_ws/install/turtlebot3_simulations:/home/leonardo/turtlebot3_ws/install/turtlebot3_bringup:/home/leonardo/turtlebot3_ws/install/turtlebot3_node:/home/leonardo/turtlebot3_ws/install/turtlebot3_navigation2:/home/leonardo/turtlebot3_ws/install/turtlebot3_fake_node:/home/leonardo/turtlebot3_ws/install/turtlebot3_msgs:/home/leonardo/turtlebot3_ws/install/turtlebot3_gazebo:/home/leonardo/turtlebot3_ws/install/turtlebot3_description:/home/leonardo/turtlebot3_ws/install/turtlebot3_cartographer:/home/leonardo/turtlebot3_ws/install/dynamixel_sdk_examples:/home/leonardo/turtlebot3_ws/install/turtlebot3_teleop:/home/leonardo/turtlebot3_ws/install/turtlebot3_example:/opt/ros/humble LD_LIBRARY_PATH=/home/leonardo/turtlebot3_ws/install/dynamixel_sdk_custom_interfaces/lib:/home/leonardo/turtlebot3_ws/install/dynamixel_sdk/lib:/home/leonardo/turtlebot3_ws/install/turtlebot3_msgs/lib:/usr/lib/x86_64-linux-gnu/gazebo-11/plugins:/opt/ros/humble/opt/rviz_ogre_vendor/lib:/opt/ros/humble/lib/x86_64-linux-gnu:/opt/ros/humble/lib:/usr/lib/x86_64-linux-gnu/gazebo-11/plugins /usr/bin/cmake --install /home/leonardo/turtlebot3_ws/build/dynamixel_sdk_examples
