[0.015s] Invoking command in '/home/leonardo/turtlebot3_ws/build/turtlebot3_cartographer': CMAKE_PREFIX_PATH=${CMAKE_PREFIX_PATH}:/home/leonardo/turtlebot3_ws/install/turtlebot3_teleop:/home/leonardo/turtlebot3_ws/install/turtlebot3_example:/opt/ros/humble /usr/bin/cmake --build /home/leonardo/turtlebot3_ws/build/turtlebot3_cartographer -- -j24 -l24
[0.152s] Invoked command in '/home/leonardo/turtlebot3_ws/build/turtlebot3_cartographer' returned '0': CMAKE_PREFIX_PATH=${CMAKE_PREFIX_PATH}:/home/leonardo/turtlebot3_ws/install/turtlebot3_teleop:/home/leonardo/turtlebot3_ws/install/turtlebot3_example:/opt/ros/humble /usr/bin/cmake --build /home/leonardo/turtlebot3_ws/build/turtlebot3_cartographer -- -j24 -l24
[0.152s] Invoking command in '/home/leonardo/turtlebot3_ws/build/turtlebot3_cartographer': CMAKE_PREFIX_PATH=${CMAKE_PREFIX_PATH}:/home/leonardo/turtlebot3_ws/install/turtlebot3_teleop:/home/leonardo/turtlebot3_ws/install/turtlebot3_example:/opt/ros/humble /usr/bin/cmake --install /home/leonardo/turtlebot3_ws/build/turtlebot3_cartographer
[0.158s] -- Install configuration: ""
[0.158s] -- Execute custom install script
[0.159s] -- Up-to-date symlink: /home/leonardo/turtlebot3_ws/install/turtlebot3_cartographer/share/turtlebot3_cartographer/config/turtlebot3_lds_2d.lua
[0.159s] -- Up-to-date symlink: /home/leonardo/turtlebot3_ws/install/turtlebot3_cartographer/share/turtlebot3_cartographer/launch/cartographer.launch.py
[0.159s] -- Up-to-date symlink: /home/leonardo/turtlebot3_ws/install/turtlebot3_cartographer/share/turtlebot3_cartographer/launch/occupancy_grid.launch.py
[0.160s] -- Up-to-date symlink: /home/leonardo/turtlebot3_ws/install/turtlebot3_cartographer/share/turtlebot3_cartographer/rviz/tb3_cartographer.rviz
[0.160s] -- Up-to-date symlink: /home/leonardo/turtlebot3_ws/install/turtlebot3_cartographer/share/ament_index/resource_index/package_run_dependencies/turtlebot3_cartographer
[0.160s] -- Up-to-date symlink: /home/leonardo/turtlebot3_ws/install/turtlebot3_cartographer/share/ament_index/resource_index/parent_prefix_path/turtlebot3_cartographer
[0.162s] -- Up-to-date symlink: /home/leonardo/turtlebot3_ws/install/turtlebot3_cartographer/share/turtlebot3_cartographer/environment/ament_prefix_path.sh
[0.162s] -- Up-to-date symlink: /home/leonardo/turtlebot3_ws/install/turtlebot3_cartographer/share/turtlebot3_cartographer/environment/ament_prefix_path.dsv
[0.162s] -- Up-to-date symlink: /home/leonardo/turtlebot3_ws/install/turtlebot3_cartographer/share/turtlebot3_cartographer/environment/path.sh
[0.162s] -- Up-to-date symlink: /home/leonardo/turtlebot3_ws/install/turtlebot3_cartographer/share/turtlebot3_cartographer/environment/path.dsv
[0.162s] -- Up-to-date symlink: /home/leonardo/turtlebot3_ws/install/turtlebot3_cartographer/share/turtlebot3_cartographer/local_setup.bash
[0.162s] -- Up-to-date symlink: /home/leonardo/turtlebot3_ws/install/turtlebot3_cartographer/share/turtlebot3_cartographer/local_setup.sh
[0.162s] -- Up-to-date symlink: /home/leonardo/turtlebot3_ws/install/turtlebot3_cartographer/share/turtlebot3_cartographer/local_setup.zsh
[0.162s] -- Up-to-date symlink: /home/leonardo/turtlebot3_ws/install/turtlebot3_cartographer/share/turtlebot3_cartographer/local_setup.dsv
[0.162s] -- Symlinking: /home/leonardo/turtlebot3_ws/install/turtlebot3_cartographer/share/turtlebot3_cartographer/package.dsv
[0.166s] -- Up-to-date symlink: /home/leonardo/turtlebot3_ws/install/turtlebot3_cartographer/share/ament_index/resource_index/packages/turtlebot3_cartographer
[0.166s] -- Up-to-date symlink: /home/leonardo/turtlebot3_ws/install/turtlebot3_cartographer/share/turtlebot3_cartographer/cmake/turtlebot3_cartographerConfig.cmake
[0.166s] -- Up-to-date symlink: /home/leonardo/turtlebot3_ws/install/turtlebot3_cartographer/share/turtlebot3_cartographer/cmake/turtlebot3_cartographerConfig-version.cmake
[0.166s] -- Up-to-date symlink: /home/leonardo/turtlebot3_ws/install/turtlebot3_cartographer/share/turtlebot3_cartographer/package.xml
[0.168s] Invoked command in '/home/leonardo/turtlebot3_ws/build/turtlebot3_cartographer' returned '0': CMAKE_PREFIX_PATH=${CMAKE_PREFIX_PATH}:/home/leonardo/turtlebot3_ws/install/turtlebot3_teleop:/home/leonardo/turtlebot3_ws/install/turtlebot3_example:/opt/ros/humble /usr/bin/cmake --install /home/leonardo/turtlebot3_ws/build/turtlebot3_cartographer
