[0.300s] Invoking command in '/home/leonardo/turtlebot3_ws/build/turtlebot3_example': CMAKE_PREFIX_PATH=/home/leonardo/turtlebot3_ws/install/turtlebot3_msgs:/home/leonardo/turtlebot3_ws/install/turtlebot3:/home/leonardo/turtlebot3_ws/install/turtlebot3_simulations:/home/leonardo/turtlebot3_ws/install/turtlebot3_bringup:/home/leonardo/turtlebot3_ws/install/turtlebot3_node:/home/leonardo/turtlebot3_ws/install/turtlebot3_navigation2:/home/leonardo/turtlebot3_ws/install/turtlebot3_fake_node:/home/leonardo/turtlebot3_ws/install/turtlebot3_gazebo:/home/leonardo/turtlebot3_ws/install/turtlebot3_description:/home/leonardo/turtlebot3_ws/install/turtlebot3_cartographer:/home/leonardo/turtlebot3_ws/install/dynamixel_sdk_examples:/home/leonardo/turtlebot3_ws/install/dynamixel_sdk_custom_interfaces:/home/leonardo/turtlebot3_ws/install/dynamixel_sdk LD_LIBRARY_PATH=/home/leonardo/turtlebot3_ws/install/turtlebot3_msgs/lib:/home/leonardo/turtlebot3_ws/install/dynamixel_sdk_custom_interfaces/lib:/home/leonardo/turtlebot3_ws/install/dynamixel_sdk/lib:/usr/lib/x86_64-linux-gnu/gazebo-11/plugins:/opt/ros/humble/opt/rviz_ogre_vendor/lib:/opt/ros/humble/lib/x86_64-linux-gnu:/opt/ros/humble/lib:/usr/lib/x86_64-linux-gnu/gazebo-11/plugins PYTHONPATH=/home/leonardo/turtlebot3_ws/build/turtlebot3_example/prefix_override:/usr/lib/python3/dist-packages/colcon_core/task/python/colcon_distutils_commands:/home/leonardo/turtlebot3_ws/install/turtlebot3_example/lib/python3.10/site-packages:${PYTHONPATH} /usr/bin/python3 -W ignore:setup.py install is deprecated -W ignore:easy_install command is deprecated setup.py develop --uninstall --editable --build-directory /home/leonardo/turtlebot3_ws/build/turtlebot3_example/build
[0.427s] running develop
[0.509s] Removing /home/leonardo/turtlebot3_ws/install/turtlebot3_example/lib/python3.10/site-packages/turtlebot3-example.egg-link (link to .)
[0.524s] Invoked command in '/home/leonardo/turtlebot3_ws/build/turtlebot3_example' returned '0': CMAKE_PREFIX_PATH=/home/leonardo/turtlebot3_ws/install/turtlebot3_msgs:/home/leonardo/turtlebot3_ws/install/turtlebot3:/home/leonardo/turtlebot3_ws/install/turtlebot3_simulations:/home/leonardo/turtlebot3_ws/install/turtlebot3_bringup:/home/leonardo/turtlebot3_ws/install/turtlebot3_node:/home/leonardo/turtlebot3_ws/install/turtlebot3_navigation2:/home/leonardo/turtlebot3_ws/install/turtlebot3_fake_node:/home/leonardo/turtlebot3_ws/install/turtlebot3_gazebo:/home/leonardo/turtlebot3_ws/install/turtlebot3_description:/home/leonardo/turtlebot3_ws/install/turtlebot3_cartographer:/home/leonardo/turtlebot3_ws/install/dynamixel_sdk_examples:/home/leonardo/turtlebot3_ws/install/dynamixel_sdk_custom_interfaces:/home/leonardo/turtlebot3_ws/install/dynamixel_sdk LD_LIBRARY_PATH=/home/leonardo/turtlebot3_ws/install/turtlebot3_msgs/lib:/home/leonardo/turtlebot3_ws/install/dynamixel_sdk_custom_interfaces/lib:/home/leonardo/turtlebot3_ws/install/dynamixel_sdk/lib:/usr/lib/x86_64-linux-gnu/gazebo-11/plugins:/opt/ros/humble/opt/rviz_ogre_vendor/lib:/opt/ros/humble/lib/x86_64-linux-gnu:/opt/ros/humble/lib:/usr/lib/x86_64-linux-gnu/gazebo-11/plugins PYTHONPATH=/home/leonardo/turtlebot3_ws/build/turtlebot3_example/prefix_override:/usr/lib/python3/dist-packages/colcon_core/task/python/colcon_distutils_commands:/home/leonardo/turtlebot3_ws/install/turtlebot3_example/lib/python3.10/site-packages:${PYTHONPATH} /usr/bin/python3 -W ignore:setup.py install is deprecated -W ignore:easy_install command is deprecated setup.py develop --uninstall --editable --build-directory /home/leonardo/turtlebot3_ws/build/turtlebot3_example/build
[0.525s] Invoking command in '/home/leonardo/turtlebot3_ws/src/turtlebot3/turtlebot3_example': CMAKE_PREFIX_PATH=/home/leonardo/turtlebot3_ws/install/turtlebot3_msgs:/home/leonardo/turtlebot3_ws/install/turtlebot3:/home/leonardo/turtlebot3_ws/install/turtlebot3_simulations:/home/leonardo/turtlebot3_ws/install/turtlebot3_bringup:/home/leonardo/turtlebot3_ws/install/turtlebot3_node:/home/leonardo/turtlebot3_ws/install/turtlebot3_navigation2:/home/leonardo/turtlebot3_ws/install/turtlebot3_fake_node:/home/leonardo/turtlebot3_ws/install/turtlebot3_gazebo:/home/leonardo/turtlebot3_ws/install/turtlebot3_description:/home/leonardo/turtlebot3_ws/install/turtlebot3_cartographer:/home/leonardo/turtlebot3_ws/install/dynamixel_sdk_examples:/home/leonardo/turtlebot3_ws/install/dynamixel_sdk_custom_interfaces:/home/leonardo/turtlebot3_ws/install/dynamixel_sdk LD_LIBRARY_PATH=/home/leonardo/turtlebot3_ws/install/turtlebot3_msgs/lib:/home/leonardo/turtlebot3_ws/install/dynamixel_sdk_custom_interfaces/lib:/home/leonardo/turtlebot3_ws/install/dynamixel_sdk/lib:/usr/lib/x86_64-linux-gnu/gazebo-11/plugins:/opt/ros/humble/opt/rviz_ogre_vendor/lib:/opt/ros/humble/lib/x86_64-linux-gnu:/opt/ros/humble/lib:/usr/lib/x86_64-linux-gnu/gazebo-11/plugins PYTHONPATH=/home/leonardo/turtlebot3_ws/build/turtlebot3_example/prefix_override:/usr/lib/python3/dist-packages/colcon_core/task/python/colcon_distutils_commands:/home/leonardo/turtlebot3_ws/install/turtlebot3_example/lib/python3.10/site-packages:${PYTHONPATH} /usr/bin/python3 -W ignore:setup.py install is deprecated -W ignore:easy_install command is deprecated setup.py egg_info --egg-base ../../../build/turtlebot3_example build --build-base /home/leonardo/turtlebot3_ws/build/turtlebot3_example/build install --record /home/leonardo/turtlebot3_ws/build/turtlebot3_example/install.log --single-version-externally-managed install_data --force
[0.733s] running egg_info
[0.733s] writing ../../../build/turtlebot3_example/turtlebot3_example.egg-info/PKG-INFO
[0.734s] writing dependency_links to ../../../build/turtlebot3_example/turtlebot3_example.egg-info/dependency_links.txt
[0.734s] writing entry points to ../../../build/turtlebot3_example/turtlebot3_example.egg-info/entry_points.txt
[0.734s] writing requirements to ../../../build/turtlebot3_example/turtlebot3_example.egg-info/requires.txt
[0.734s] writing top-level names to ../../../build/turtlebot3_example/turtlebot3_example.egg-info/top_level.txt
[0.736s] reading manifest file '../../../build/turtlebot3_example/turtlebot3_example.egg-info/SOURCES.txt'
[0.737s] writing manifest file '../../../build/turtlebot3_example/turtlebot3_example.egg-info/SOURCES.txt'
[0.737s] running build
[0.737s] running build_py
[0.737s] creating /home/leonardo/turtlebot3_ws/build/turtlebot3_example/build
[0.737s] creating /home/leonardo/turtlebot3_ws/build/turtlebot3_example/build/lib
[0.737s] creating /home/leonardo/turtlebot3_ws/build/turtlebot3_example/build/lib/turtlebot3_example
[0.737s] copying turtlebot3_example/__init__.py -> /home/leonardo/turtlebot3_ws/build/turtlebot3_example/build/lib/turtlebot3_example
[0.737s] creating /home/leonardo/turtlebot3_ws/build/turtlebot3_example/build/lib/turtlebot3_example/turtlebot3_position_control
[0.737s] copying turtlebot3_example/turtlebot3_position_control/turtlebot3_position_control.py -> /home/leonardo/turtlebot3_ws/build/turtlebot3_example/build/lib/turtlebot3_example/turtlebot3_position_control
[0.738s] copying turtlebot3_example/turtlebot3_position_control/__init__.py -> /home/leonardo/turtlebot3_ws/build/turtlebot3_example/build/lib/turtlebot3_example/turtlebot3_position_control
[0.738s] copying turtlebot3_example/turtlebot3_position_control/turtlebot3_path.py -> /home/leonardo/turtlebot3_ws/build/turtlebot3_example/build/lib/turtlebot3_example/turtlebot3_position_control
[0.738s] copying turtlebot3_example/turtlebot3_position_control/main.py -> /home/leonardo/turtlebot3_ws/build/turtlebot3_example/build/lib/turtlebot3_example/turtlebot3_position_control
[0.738s] creating /home/leonardo/turtlebot3_ws/build/turtlebot3_example/build/lib/turtlebot3_example/turtlebot3_patrol_server
[0.738s] copying turtlebot3_example/turtlebot3_patrol_server/turtlebot3_patrol_server.py -> /home/leonardo/turtlebot3_ws/build/turtlebot3_example/build/lib/turtlebot3_example/turtlebot3_patrol_server
[0.738s] copying turtlebot3_example/turtlebot3_patrol_server/__init__.py -> /home/leonardo/turtlebot3_ws/build/turtlebot3_example/build/lib/turtlebot3_example/turtlebot3_patrol_server
[0.738s] copying turtlebot3_example/turtlebot3_patrol_server/turtlebot3_path.py -> /home/leonardo/turtlebot3_ws/build/turtlebot3_example/build/lib/turtlebot3_example/turtlebot3_patrol_server
[0.739s] copying turtlebot3_example/turtlebot3_patrol_server/main.py -> /home/leonardo/turtlebot3_ws/build/turtlebot3_example/build/lib/turtlebot3_example/turtlebot3_patrol_server
[0.739s] creating /home/leonardo/turtlebot3_ws/build/turtlebot3_example/build/lib/turtlebot3_example/turtlebot3_obstacle_detection
[0.739s] copying turtlebot3_example/turtlebot3_obstacle_detection/__init__.py -> /home/leonardo/turtlebot3_ws/build/turtlebot3_example/build/lib/turtlebot3_example/turtlebot3_obstacle_detection
[0.739s] copying turtlebot3_example/turtlebot3_obstacle_detection/turtlebot3_obstacle_detection.py -> /home/leonardo/turtlebot3_ws/build/turtlebot3_example/build/lib/turtlebot3_example/turtlebot3_obstacle_detection
[0.739s] copying turtlebot3_example/turtlebot3_obstacle_detection/main.py -> /home/leonardo/turtlebot3_ws/build/turtlebot3_example/build/lib/turtlebot3_example/turtlebot3_obstacle_detection
[0.740s] creating /home/leonardo/turtlebot3_ws/build/turtlebot3_example/build/lib/turtlebot3_example/turtlebot3_patrol_client
[0.740s] copying turtlebot3_example/turtlebot3_patrol_client/__init__.py -> /home/leonardo/turtlebot3_ws/build/turtlebot3_example/build/lib/turtlebot3_example/turtlebot3_patrol_client
[0.740s] copying turtlebot3_example/turtlebot3_patrol_client/turtlebot3_patrol_client.py -> /home/leonardo/turtlebot3_ws/build/turtlebot3_example/build/lib/turtlebot3_example/turtlebot3_patrol_client
[0.740s] copying turtlebot3_example/turtlebot3_patrol_client/main.py -> /home/leonardo/turtlebot3_ws/build/turtlebot3_example/build/lib/turtlebot3_example/turtlebot3_patrol_client
[0.740s] running install
[0.741s] running install_lib
[0.742s] creating /home/leonardo/turtlebot3_ws/install/turtlebot3_example/lib/python3.10/site-packages/turtlebot3_example
[0.742s] creating /home/leonardo/turtlebot3_ws/install/turtlebot3_example/lib/python3.10/site-packages/turtlebot3_example/turtlebot3_position_control
[0.742s] copying /home/leonardo/turtlebot3_ws/build/turtlebot3_example/build/lib/turtlebot3_example/turtlebot3_position_control/turtlebot3_position_control.py -> /home/leonardo/turtlebot3_ws/install/turtlebot3_example/lib/python3.10/site-packages/turtlebot3_example/turtlebot3_position_control
[0.742s] copying /home/leonardo/turtlebot3_ws/build/turtlebot3_example/build/lib/turtlebot3_example/turtlebot3_position_control/__init__.py -> /home/leonardo/turtlebot3_ws/install/turtlebot3_example/lib/python3.10/site-packages/turtlebot3_example/turtlebot3_position_control
[0.742s] copying /home/leonardo/turtlebot3_ws/build/turtlebot3_example/build/lib/turtlebot3_example/turtlebot3_position_control/turtlebot3_path.py -> /home/leonardo/turtlebot3_ws/install/turtlebot3_example/lib/python3.10/site-packages/turtlebot3_example/turtlebot3_position_control
[0.742s] copying /home/leonardo/turtlebot3_ws/build/turtlebot3_example/build/lib/turtlebot3_example/turtlebot3_position_control/main.py -> /home/leonardo/turtlebot3_ws/install/turtlebot3_example/lib/python3.10/site-packages/turtlebot3_example/turtlebot3_position_control
[0.742s] copying /home/leonardo/turtlebot3_ws/build/turtlebot3_example/build/lib/turtlebot3_example/__init__.py -> /home/leonardo/turtlebot3_ws/install/turtlebot3_example/lib/python3.10/site-packages/turtlebot3_example
[0.742s] creating /home/leonardo/turtlebot3_ws/install/turtlebot3_example/lib/python3.10/site-packages/turtlebot3_example/turtlebot3_patrol_server
[0.742s] copying /home/leonardo/turtlebot3_ws/build/turtlebot3_example/build/lib/turtlebot3_example/turtlebot3_patrol_server/turtlebot3_patrol_server.py -> /home/leonardo/turtlebot3_ws/install/turtlebot3_example/lib/python3.10/site-packages/turtlebot3_example/turtlebot3_patrol_server
[0.742s] copying /home/leonardo/turtlebot3_ws/build/turtlebot3_example/build/lib/turtlebot3_example/turtlebot3_patrol_server/__init__.py -> /home/leonardo/turtlebot3_ws/install/turtlebot3_example/lib/python3.10/site-packages/turtlebot3_example/turtlebot3_patrol_server
[0.742s] copying /home/leonardo/turtlebot3_ws/build/turtlebot3_example/build/lib/turtlebot3_example/turtlebot3_patrol_server/turtlebot3_path.py -> /home/leonardo/turtlebot3_ws/install/turtlebot3_example/lib/python3.10/site-packages/turtlebot3_example/turtlebot3_patrol_server
[0.743s] copying /home/leonardo/turtlebot3_ws/build/turtlebot3_example/build/lib/turtlebot3_example/turtlebot3_patrol_server/main.py -> /home/leonardo/turtlebot3_ws/install/turtlebot3_example/lib/python3.10/site-packages/turtlebot3_example/turtlebot3_patrol_server
[0.743s] creating /home/leonardo/turtlebot3_ws/install/turtlebot3_example/lib/python3.10/site-packages/turtlebot3_example/turtlebot3_obstacle_detection
[0.743s] copying /home/leonardo/turtlebot3_ws/build/turtlebot3_example/build/lib/turtlebot3_example/turtlebot3_obstacle_detection/__init__.py -> /home/leonardo/turtlebot3_ws/install/turtlebot3_example/lib/python3.10/site-packages/turtlebot3_example/turtlebot3_obstacle_detection
[0.743s] copying /home/leonardo/turtlebot3_ws/build/turtlebot3_example/build/lib/turtlebot3_example/turtlebot3_obstacle_detection/turtlebot3_obstacle_detection.py -> /home/leonardo/turtlebot3_ws/install/turtlebot3_example/lib/python3.10/site-packages/turtlebot3_example/turtlebot3_obstacle_detection
[0.743s] copying /home/leonardo/turtlebot3_ws/build/turtlebot3_example/build/lib/turtlebot3_example/turtlebot3_obstacle_detection/main.py -> /home/leonardo/turtlebot3_ws/install/turtlebot3_example/lib/python3.10/site-packages/turtlebot3_example/turtlebot3_obstacle_detection
[0.743s] creating /home/leonardo/turtlebot3_ws/install/turtlebot3_example/lib/python3.10/site-packages/turtlebot3_example/turtlebot3_patrol_client
[0.743s] copying /home/leonardo/turtlebot3_ws/build/turtlebot3_example/build/lib/turtlebot3_example/turtlebot3_patrol_client/__init__.py -> /home/leonardo/turtlebot3_ws/install/turtlebot3_example/lib/python3.10/site-packages/turtlebot3_example/turtlebot3_patrol_client
[0.743s] copying /home/leonardo/turtlebot3_ws/build/turtlebot3_example/build/lib/turtlebot3_example/turtlebot3_patrol_client/turtlebot3_patrol_client.py -> /home/leonardo/turtlebot3_ws/install/turtlebot3_example/lib/python3.10/site-packages/turtlebot3_example/turtlebot3_patrol_client
[0.743s] copying /home/leonardo/turtlebot3_ws/build/turtlebot3_example/build/lib/turtlebot3_example/turtlebot3_patrol_client/main.py -> /home/leonardo/turtlebot3_ws/install/turtlebot3_example/lib/python3.10/site-packages/turtlebot3_example/turtlebot3_patrol_client
[0.744s] byte-compiling /home/leonardo/turtlebot3_ws/install/turtlebot3_example/lib/python3.10/site-packages/turtlebot3_example/turtlebot3_position_control/turtlebot3_position_control.py to turtlebot3_position_control.cpython-310.pyc
[0.745s] byte-compiling /home/leonardo/turtlebot3_ws/install/turtlebot3_example/lib/python3.10/site-packages/turtlebot3_example/turtlebot3_position_control/__init__.py to __init__.cpython-310.pyc
[0.745s] byte-compiling /home/leonardo/turtlebot3_ws/install/turtlebot3_example/lib/python3.10/site-packages/turtlebot3_example/turtlebot3_position_control/turtlebot3_path.py to turtlebot3_path.cpython-310.pyc
[0.745s] byte-compiling /home/leonardo/turtlebot3_ws/install/turtlebot3_example/lib/python3.10/site-packages/turtlebot3_example/turtlebot3_position_control/main.py to main.cpython-310.pyc
[0.745s] byte-compiling /home/leonardo/turtlebot3_ws/install/turtlebot3_example/lib/python3.10/site-packages/turtlebot3_example/__init__.py to __init__.cpython-310.pyc
[0.745s] byte-compiling /home/leonardo/turtlebot3_ws/install/turtlebot3_example/lib/python3.10/site-packages/turtlebot3_example/turtlebot3_patrol_server/turtlebot3_patrol_server.py to turtlebot3_patrol_server.cpython-310.pyc
[0.746s] byte-compiling /home/leonardo/turtlebot3_ws/install/turtlebot3_example/lib/python3.10/site-packages/turtlebot3_example/turtlebot3_patrol_server/__init__.py to __init__.cpython-310.pyc
[0.746s] byte-compiling /home/leonardo/turtlebot3_ws/install/turtlebot3_example/lib/python3.10/site-packages/turtlebot3_example/turtlebot3_patrol_server/turtlebot3_path.py to turtlebot3_path.cpython-310.pyc
[0.746s] byte-compiling /home/leonardo/turtlebot3_ws/install/turtlebot3_example/lib/python3.10/site-packages/turtlebot3_example/turtlebot3_patrol_server/main.py to main.cpython-310.pyc
[0.746s] byte-compiling /home/leonardo/turtlebot3_ws/install/turtlebot3_example/lib/python3.10/site-packages/turtlebot3_example/turtlebot3_obstacle_detection/__init__.py to __init__.cpython-310.pyc
[0.746s] byte-compiling /home/leonardo/turtlebot3_ws/install/turtlebot3_example/lib/python3.10/site-packages/turtlebot3_example/turtlebot3_obstacle_detection/turtlebot3_obstacle_detection.py to turtlebot3_obstacle_detection.cpython-310.pyc
[0.747s] byte-compiling /home/leonardo/turtlebot3_ws/install/turtlebot3_example/lib/python3.10/site-packages/turtlebot3_example/turtlebot3_obstacle_detection/main.py to main.cpython-310.pyc
[0.747s] byte-compiling /home/leonardo/turtlebot3_ws/install/turtlebot3_example/lib/python3.10/site-packages/turtlebot3_example/turtlebot3_patrol_client/__init__.py to __init__.cpython-310.pyc
[0.747s] byte-compiling /home/leonardo/turtlebot3_ws/install/turtlebot3_example/lib/python3.10/site-packages/turtlebot3_example/turtlebot3_patrol_client/turtlebot3_patrol_client.py to turtlebot3_patrol_client.cpython-310.pyc
[0.748s] byte-compiling /home/leonardo/turtlebot3_ws/install/turtlebot3_example/lib/python3.10/site-packages/turtlebot3_example/turtlebot3_patrol_client/main.py to main.cpython-310.pyc
[0.748s] running install_data
[0.748s] copying resource/turtlebot3_example -> /home/leonardo/turtlebot3_ws/install/turtlebot3_example/share/ament_index/resource_index/packages
[0.748s] copying package.xml -> /home/leonardo/turtlebot3_ws/install/turtlebot3_example/share/turtlebot3_example
[0.748s] running install_egg_info
[0.750s] Copying ../../../build/turtlebot3_example/turtlebot3_example.egg-info to /home/leonardo/turtlebot3_ws/install/turtlebot3_example/lib/python3.10/site-packages/turtlebot3_example-2.1.5-py3.10.egg-info
[0.751s] running install_scripts
[0.770s] Installing turtlebot3_obstacle_detection script to /home/leonardo/turtlebot3_ws/install/turtlebot3_example/lib/turtlebot3_example
[0.770s] Installing turtlebot3_patrol_client script to /home/leonardo/turtlebot3_ws/install/turtlebot3_example/lib/turtlebot3_example
[0.770s] Installing turtlebot3_patrol_server script to /home/leonardo/turtlebot3_ws/install/turtlebot3_example/lib/turtlebot3_example
[0.770s] Installing turtlebot3_position_control script to /home/leonardo/turtlebot3_ws/install/turtlebot3_example/lib/turtlebot3_example
[0.771s] writing list of installed files to '/home/leonardo/turtlebot3_ws/build/turtlebot3_example/install.log'
[0.803s] Invoked command in '/home/leonardo/turtlebot3_ws/src/turtlebot3/turtlebot3_example' returned '0': CMAKE_PREFIX_PATH=/home/leonardo/turtlebot3_ws/install/turtlebot3_msgs:/home/leonardo/turtlebot3_ws/install/turtlebot3:/home/leonardo/turtlebot3_ws/install/turtlebot3_simulations:/home/leonardo/turtlebot3_ws/install/turtlebot3_bringup:/home/leonardo/turtlebot3_ws/install/turtlebot3_node:/home/leonardo/turtlebot3_ws/install/turtlebot3_navigation2:/home/leonardo/turtlebot3_ws/install/turtlebot3_fake_node:/home/leonardo/turtlebot3_ws/install/turtlebot3_gazebo:/home/leonardo/turtlebot3_ws/install/turtlebot3_description:/home/leonardo/turtlebot3_ws/install/turtlebot3_cartographer:/home/leonardo/turtlebot3_ws/install/dynamixel_sdk_examples:/home/leonardo/turtlebot3_ws/install/dynamixel_sdk_custom_interfaces:/home/leonardo/turtlebot3_ws/install/dynamixel_sdk LD_LIBRARY_PATH=/home/leonardo/turtlebot3_ws/install/turtlebot3_msgs/lib:/home/leonardo/turtlebot3_ws/install/dynamixel_sdk_custom_interfaces/lib:/home/leonardo/turtlebot3_ws/install/dynamixel_sdk/lib:/usr/lib/x86_64-linux-gnu/gazebo-11/plugins:/opt/ros/humble/opt/rviz_ogre_vendor/lib:/opt/ros/humble/lib/x86_64-linux-gnu:/opt/ros/humble/lib:/usr/lib/x86_64-linux-gnu/gazebo-11/plugins PYTHONPATH=/home/leonardo/turtlebot3_ws/build/turtlebot3_example/prefix_override:/usr/lib/python3/dist-packages/colcon_core/task/python/colcon_distutils_commands:/home/leonardo/turtlebot3_ws/install/turtlebot3_example/lib/python3.10/site-packages:${PYTHONPATH} /usr/bin/python3 -W ignore:setup.py install is deprecated -W ignore:easy_install command is deprecated setup.py egg_info --egg-base ../../../build/turtlebot3_example build --build-base /home/leonardo/turtlebot3_ws/build/turtlebot3_example/build install --record /home/leonardo/turtlebot3_ws/build/turtlebot3_example/install.log --single-version-externally-managed install_data --force
