[0.012s] Invoking command in '/home/leonardo/turtlebot3_ws/build/turtlebot3_bringup': AMENT_PREFIX_PATH=/home/leonardo/turtlebot3_ws/install/turtlebot3_node:/home/leonardo/turtlebot3_ws/install/turtlebot3_msgs:/home/leonardo/turtlebot3_ws/install/turtlebot3_description:/home/leonardo/turtlebot3_ws/install/dynamixel_sdk:${AMENT_PREFIX_PATH} CMAKE_PREFIX_PATH=/home/leonardo/turtlebot3_ws/install/turtlebot3_node:/home/leonardo/turtlebot3_ws/install/turtlebot3_msgs:/home/leonardo/turtlebot3_ws/install/turtlebot3_description:/home/leonardo/turtlebot3_ws/install/dynamixel_sdk:/opt/ros/humble LD_LIBRARY_PATH=/home/leonardo/turtlebot3_ws/install/turtlebot3_msgs/lib:/home/leonardo/turtlebot3_ws/install/dynamixel_sdk/lib:/usr/lib/x86_64-linux-gnu/gazebo-11/plugins:/opt/ros/humble/opt/rviz_ogre_vendor/lib:/opt/ros/humble/lib/x86_64-linux-gnu:/opt/ros/humble/lib:/usr/lib/x86_64-linux-gnu/gazebo-11/plugins:/usr/lib/x86_64-linux-gnu/gazebo-11/plugins:/usr/lib/x86_64-linux-gnu/gazebo-11/plugins PYTHONPATH=/home/leonardo/turtlebot3_ws/install/turtlebot3_msgs/local/lib/python3.10/dist-packages:${PYTHONPATH} /usr/bin/cmake /home/leonardo/turtlebot3_ws/src/turtlebot3/turtlebot3_bringup -DAMENT_CMAKE_SYMLINK_INSTALL=1 -DCMAKE_INSTALL_PREFIX=/home/leonardo/turtlebot3_ws/install/turtlebot3_bringup
[0.070s] -- The C compiler identification is GNU 11.4.0
[0.124s] -- The CXX compiler identification is GNU 11.4.0
[0.130s] -- Detecting C compiler ABI info
[0.205s] -- Detecting C compiler ABI info - done
[0.211s] -- Check for working C compiler: /usr/bin/cc - skipped
[0.211s] -- Detecting C compile features
[0.212s] -- Detecting C compile features - done
[0.213s] -- Detecting CXX compiler ABI info
[0.296s] -- Detecting CXX compiler ABI info - done
[0.299s] -- Check for working CXX compiler: /usr/bin/c++ - skipped
[0.300s] -- Detecting CXX compile features
[0.300s] -- Detecting CXX compile features - done
[0.301s] -- Found ament_cmake: 1.3.11 (/opt/ros/humble/share/ament_cmake/cmake)
[0.392s] -- Found Python3: /usr/bin/python3 (found version "3.10.12") found components: Interpreter 
[0.431s] -- Override CMake install command with custom implementation using symlinks instead of copying resources
[0.477s] -- Configuring done
[0.478s] -- Generating done
[0.479s] -- Build files have been written to: /home/leonardo/turtlebot3_ws/build/turtlebot3_bringup
[0.481s] Invoked command in '/home/leonardo/turtlebot3_ws/build/turtlebot3_bringup' returned '0': AMENT_PREFIX_PATH=/home/leonardo/turtlebot3_ws/install/turtlebot3_node:/home/leonardo/turtlebot3_ws/install/turtlebot3_msgs:/home/leonardo/turtlebot3_ws/install/turtlebot3_description:/home/leonardo/turtlebot3_ws/install/dynamixel_sdk:${AMENT_PREFIX_PATH} CMAKE_PREFIX_PATH=/home/leonardo/turtlebot3_ws/install/turtlebot3_node:/home/leonardo/turtlebot3_ws/install/turtlebot3_msgs:/home/leonardo/turtlebot3_ws/install/turtlebot3_description:/home/leonardo/turtlebot3_ws/install/dynamixel_sdk:/opt/ros/humble LD_LIBRARY_PATH=/home/leonardo/turtlebot3_ws/install/turtlebot3_msgs/lib:/home/leonardo/turtlebot3_ws/install/dynamixel_sdk/lib:/usr/lib/x86_64-linux-gnu/gazebo-11/plugins:/opt/ros/humble/opt/rviz_ogre_vendor/lib:/opt/ros/humble/lib/x86_64-linux-gnu:/opt/ros/humble/lib:/usr/lib/x86_64-linux-gnu/gazebo-11/plugins:/usr/lib/x86_64-linux-gnu/gazebo-11/plugins:/usr/lib/x86_64-linux-gnu/gazebo-11/plugins PYTHONPATH=/home/leonardo/turtlebot3_ws/install/turtlebot3_msgs/local/lib/python3.10/dist-packages:${PYTHONPATH} /usr/bin/cmake /home/leonardo/turtlebot3_ws/src/turtlebot3/turtlebot3_bringup -DAMENT_CMAKE_SYMLINK_INSTALL=1 -DCMAKE_INSTALL_PREFIX=/home/leonardo/turtlebot3_ws/install/turtlebot3_bringup
[0.482s] Invoking command in '/home/leonardo/turtlebot3_ws/build/turtlebot3_bringup': AMENT_PREFIX_PATH=/home/leonardo/turtlebot3_ws/install/turtlebot3_node:/home/leonardo/turtlebot3_ws/install/turtlebot3_msgs:/home/leonardo/turtlebot3_ws/install/turtlebot3_description:/home/leonardo/turtlebot3_ws/install/dynamixel_sdk:${AMENT_PREFIX_PATH} CMAKE_PREFIX_PATH=/home/leonardo/turtlebot3_ws/install/turtlebot3_node:/home/leonardo/turtlebot3_ws/install/turtlebot3_msgs:/home/leonardo/turtlebot3_ws/install/turtlebot3_description:/home/leonardo/turtlebot3_ws/install/dynamixel_sdk:/opt/ros/humble LD_LIBRARY_PATH=/home/leonardo/turtlebot3_ws/install/turtlebot3_msgs/lib:/home/leonardo/turtlebot3_ws/install/dynamixel_sdk/lib:/usr/lib/x86_64-linux-gnu/gazebo-11/plugins:/opt/ros/humble/opt/rviz_ogre_vendor/lib:/opt/ros/humble/lib/x86_64-linux-gnu:/opt/ros/humble/lib:/usr/lib/x86_64-linux-gnu/gazebo-11/plugins:/usr/lib/x86_64-linux-gnu/gazebo-11/plugins:/usr/lib/x86_64-linux-gnu/gazebo-11/plugins PYTHONPATH=/home/leonardo/turtlebot3_ws/install/turtlebot3_msgs/local/lib/python3.10/dist-packages:${PYTHONPATH} /usr/bin/cmake --build /home/leonardo/turtlebot3_ws/build/turtlebot3_bringup -- -j24 -l24
[0.504s] Invoked command in '/home/leonardo/turtlebot3_ws/build/turtlebot3_bringup' returned '0': AMENT_PREFIX_PATH=/home/leonardo/turtlebot3_ws/install/turtlebot3_node:/home/leonardo/turtlebot3_ws/install/turtlebot3_msgs:/home/leonardo/turtlebot3_ws/install/turtlebot3_description:/home/leonardo/turtlebot3_ws/install/dynamixel_sdk:${AMENT_PREFIX_PATH} CMAKE_PREFIX_PATH=/home/leonardo/turtlebot3_ws/install/turtlebot3_node:/home/leonardo/turtlebot3_ws/install/turtlebot3_msgs:/home/leonardo/turtlebot3_ws/install/turtlebot3_description:/home/leonardo/turtlebot3_ws/install/dynamixel_sdk:/opt/ros/humble LD_LIBRARY_PATH=/home/leonardo/turtlebot3_ws/install/turtlebot3_msgs/lib:/home/leonardo/turtlebot3_ws/install/dynamixel_sdk/lib:/usr/lib/x86_64-linux-gnu/gazebo-11/plugins:/opt/ros/humble/opt/rviz_ogre_vendor/lib:/opt/ros/humble/lib/x86_64-linux-gnu:/opt/ros/humble/lib:/usr/lib/x86_64-linux-gnu/gazebo-11/plugins:/usr/lib/x86_64-linux-gnu/gazebo-11/plugins:/usr/lib/x86_64-linux-gnu/gazebo-11/plugins PYTHONPATH=/home/leonardo/turtlebot3_ws/install/turtlebot3_msgs/local/lib/python3.10/dist-packages:${PYTHONPATH} /usr/bin/cmake --build /home/leonardo/turtlebot3_ws/build/turtlebot3_bringup -- -j24 -l24
[0.506s] Invoking command in '/home/leonardo/turtlebot3_ws/build/turtlebot3_bringup': AMENT_PREFIX_PATH=/home/leonardo/turtlebot3_ws/install/turtlebot3_node:/home/leonardo/turtlebot3_ws/install/turtlebot3_msgs:/home/leonardo/turtlebot3_ws/install/turtlebot3_description:/home/leonardo/turtlebot3_ws/install/dynamixel_sdk:${AMENT_PREFIX_PATH} CMAKE_PREFIX_PATH=/home/leonardo/turtlebot3_ws/install/turtlebot3_node:/home/leonardo/turtlebot3_ws/install/turtlebot3_msgs:/home/leonardo/turtlebot3_ws/install/turtlebot3_description:/home/leonardo/turtlebot3_ws/install/dynamixel_sdk:/opt/ros/humble LD_LIBRARY_PATH=/home/leonardo/turtlebot3_ws/install/turtlebot3_msgs/lib:/home/leonardo/turtlebot3_ws/install/dynamixel_sdk/lib:/usr/lib/x86_64-linux-gnu/gazebo-11/plugins:/opt/ros/humble/opt/rviz_ogre_vendor/lib:/opt/ros/humble/lib/x86_64-linux-gnu:/opt/ros/humble/lib:/usr/lib/x86_64-linux-gnu/gazebo-11/plugins:/usr/lib/x86_64-linux-gnu/gazebo-11/plugins:/usr/lib/x86_64-linux-gnu/gazebo-11/plugins PYTHONPATH=/home/leonardo/turtlebot3_ws/install/turtlebot3_msgs/local/lib/python3.10/dist-packages:${PYTHONPATH} /usr/bin/cmake --install /home/leonardo/turtlebot3_ws/build/turtlebot3_bringup
[0.512s] -- Install configuration: ""
[0.512s] -- Execute custom install script
[0.513s] -- Symlinking: /home/leonardo/turtlebot3_ws/install/turtlebot3_bringup/share/turtlebot3_bringup/launch/robot.launch.py
[0.520s] -- Symlinking: /home/leonardo/turtlebot3_ws/install/turtlebot3_bringup/share/turtlebot3_bringup/launch/rviz2.launch.py
[0.533s] -- Symlinking: /home/leonardo/turtlebot3_ws/install/turtlebot3_bringup/share/turtlebot3_bringup/launch/turtlebot3_state_publisher.launch.py
[0.546s] -- Symlinking: /home/leonardo/turtlebot3_ws/install/turtlebot3_bringup/share/turtlebot3_bringup/param/burger.yaml
[0.555s] -- Symlinking: /home/leonardo/turtlebot3_ws/install/turtlebot3_bringup/share/turtlebot3_bringup/param/waffle.yaml
[0.565s] -- Symlinking: /home/leonardo/turtlebot3_ws/install/turtlebot3_bringup/share/turtlebot3_bringup/param/waffle_pi.yaml
[0.576s] -- Symlinking: /home/leonardo/turtlebot3_ws/install/turtlebot3_bringup/share/turtlebot3_bringup/script/99-turtlebot3-cdc.rules
[0.587s] -- Symlinking: /home/leonardo/turtlebot3_ws/install/turtlebot3_bringup/share/turtlebot3_bringup/script/create_udev_rules
[0.603s] -- Symlinking: /home/leonardo/turtlebot3_ws/install/turtlebot3_bringup/share/ament_index/resource_index/package_run_dependencies/turtlebot3_bringup
[0.614s] -- Symlinking: /home/leonardo/turtlebot3_ws/install/turtlebot3_bringup/share/ament_index/resource_index/parent_prefix_path/turtlebot3_bringup
[0.619s] -- Symlinking: /home/leonardo/turtlebot3_ws/install/turtlebot3_bringup/share/turtlebot3_bringup/environment/ament_prefix_path.sh
[0.622s] -- Symlinking: /home/leonardo/turtlebot3_ws/install/turtlebot3_bringup/share/turtlebot3_bringup/environment/ament_prefix_path.dsv
[0.628s] -- Symlinking: /home/leonardo/turtlebot3_ws/install/turtlebot3_bringup/share/turtlebot3_bringup/environment/path.sh
[0.638s] -- Symlinking: /home/leonardo/turtlebot3_ws/install/turtlebot3_bringup/share/turtlebot3_bringup/environment/path.dsv
[0.647s] -- Symlinking: /home/leonardo/turtlebot3_ws/install/turtlebot3_bringup/share/turtlebot3_bringup/local_setup.bash
[0.657s] -- Symlinking: /home/leonardo/turtlebot3_ws/install/turtlebot3_bringup/share/turtlebot3_bringup/local_setup.sh
[0.663s] -- Symlinking: /home/leonardo/turtlebot3_ws/install/turtlebot3_bringup/share/turtlebot3_bringup/local_setup.zsh
[0.668s] -- Symlinking: /home/leonardo/turtlebot3_ws/install/turtlebot3_bringup/share/turtlebot3_bringup/local_setup.dsv
[0.679s] -- Symlinking: /home/leonardo/turtlebot3_ws/install/turtlebot3_bringup/share/turtlebot3_bringup/package.dsv
[0.691s] -- Symlinking: /home/leonardo/turtlebot3_ws/install/turtlebot3_bringup/share/ament_index/resource_index/packages/turtlebot3_bringup
[0.704s] -- Symlinking: /home/leonardo/turtlebot3_ws/install/turtlebot3_bringup/share/turtlebot3_bringup/cmake/turtlebot3_bringupConfig.cmake
[0.712s] -- Symlinking: /home/leonardo/turtlebot3_ws/install/turtlebot3_bringup/share/turtlebot3_bringup/cmake/turtlebot3_bringupConfig-version.cmake
[0.726s] -- Symlinking: /home/leonardo/turtlebot3_ws/install/turtlebot3_bringup/share/turtlebot3_bringup/package.xml
[0.741s] Invoked command in '/home/leonardo/turtlebot3_ws/build/turtlebot3_bringup' returned '0': AMENT_PREFIX_PATH=/home/leonardo/turtlebot3_ws/install/turtlebot3_node:/home/leonardo/turtlebot3_ws/install/turtlebot3_msgs:/home/leonardo/turtlebot3_ws/install/turtlebot3_description:/home/leonardo/turtlebot3_ws/install/dynamixel_sdk:${AMENT_PREFIX_PATH} CMAKE_PREFIX_PATH=/home/leonardo/turtlebot3_ws/install/turtlebot3_node:/home/leonardo/turtlebot3_ws/install/turtlebot3_msgs:/home/leonardo/turtlebot3_ws/install/turtlebot3_description:/home/leonardo/turtlebot3_ws/install/dynamixel_sdk:/opt/ros/humble LD_LIBRARY_PATH=/home/leonardo/turtlebot3_ws/install/turtlebot3_msgs/lib:/home/leonardo/turtlebot3_ws/install/dynamixel_sdk/lib:/usr/lib/x86_64-linux-gnu/gazebo-11/plugins:/opt/ros/humble/opt/rviz_ogre_vendor/lib:/opt/ros/humble/lib/x86_64-linux-gnu:/opt/ros/humble/lib:/usr/lib/x86_64-linux-gnu/gazebo-11/plugins:/usr/lib/x86_64-linux-gnu/gazebo-11/plugins:/usr/lib/x86_64-linux-gnu/gazebo-11/plugins PYTHONPATH=/home/leonardo/turtlebot3_ws/install/turtlebot3_msgs/local/lib/python3.10/dist-packages:${PYTHONPATH} /usr/bin/cmake --install /home/leonardo/turtlebot3_ws/build/turtlebot3_bringup
