[0.432s] Invoking command in '/home/leonardo/turtlebot3_ws/src/turtlebot3/turtlebot3_teleop': PYTHONPATH=/home/leonardo/turtlebot3_ws/build/turtlebot3_teleop/prefix_override:/usr/lib/python3/dist-packages/colcon_core/task/python/colcon_distutils_commands:/home/leonardo/turtlebot3_ws/install/turtlebot3_teleop/lib/python3.10/site-packages:${PYTHONPATH} /usr/bin/python3 -W ignore:setup.py install is deprecated -W ignore:easy_install command is deprecated setup.py egg_info --egg-base ../../../build/turtlebot3_teleop build --build-base /home/leonardo/turtlebot3_ws/build/turtlebot3_teleop/build install --record /home/leonardo/turtlebot3_ws/build/turtlebot3_teleop/install.log --single-version-externally-managed install_data
[0.537s] running egg_info
[0.537s] writing ../../../build/turtlebot3_teleop/turtlebot3_teleop.egg-info/PKG-INFO
[0.537s] writing dependency_links to ../../../build/turtlebot3_teleop/turtlebot3_teleop.egg-info/dependency_links.txt
[0.538s] writing entry points to ../../../build/turtlebot3_teleop/turtlebot3_teleop.egg-info/entry_points.txt
[0.538s] writing requirements to ../../../build/turtlebot3_teleop/turtlebot3_teleop.egg-info/requires.txt
[0.538s] writing top-level names to ../../../build/turtlebot3_teleop/turtlebot3_teleop.egg-info/top_level.txt
[0.538s] reading manifest file '../../../build/turtlebot3_teleop/turtlebot3_teleop.egg-info/SOURCES.txt'
[0.539s] writing manifest file '../../../build/turtlebot3_teleop/turtlebot3_teleop.egg-info/SOURCES.txt'
[0.539s] running build
[0.539s] running build_py
[0.539s] running install
[0.540s] running install_lib
[0.540s] running install_data
[0.541s] running install_egg_info
[0.541s] removing '/home/leonardo/turtlebot3_ws/install/turtlebot3_teleop/lib/python3.10/site-packages/turtlebot3_teleop-2.1.5-py3.10.egg-info' (and everything under it)
[0.541s] Copying ../../../build/turtlebot3_teleop/turtlebot3_teleop.egg-info to /home/leonardo/turtlebot3_ws/install/turtlebot3_teleop/lib/python3.10/site-packages/turtlebot3_teleop-2.1.5-py3.10.egg-info
[0.542s] running install_scripts
[0.551s] Installing teleop_keyboard script to /home/leonardo/turtlebot3_ws/install/turtlebot3_teleop/lib/turtlebot3_teleop
[0.552s] writing list of installed files to '/home/leonardo/turtlebot3_ws/build/turtlebot3_teleop/install.log'
[0.563s] Invoked command in '/home/leonardo/turtlebot3_ws/src/turtlebot3/turtlebot3_teleop' returned '0': PYTHONPATH=/home/leonardo/turtlebot3_ws/build/turtlebot3_teleop/prefix_override:/usr/lib/python3/dist-packages/colcon_core/task/python/colcon_distutils_commands:/home/leonardo/turtlebot3_ws/install/turtlebot3_teleop/lib/python3.10/site-packages:${PYTHONPATH} /usr/bin/python3 -W ignore:setup.py install is deprecated -W ignore:easy_install command is deprecated setup.py egg_info --egg-base ../../../build/turtlebot3_teleop build --build-base /home/leonardo/turtlebot3_ws/build/turtlebot3_teleop/build install --record /home/leonardo/turtlebot3_ws/build/turtlebot3_teleop/install.log --single-version-externally-managed install_data
