[0.009s] Invoking command in '/home/leonardo/turtlebot3_ws/build/turtlebot3_node': CMAKE_PREFIX_PATH=/home/leonardo/turtlebot3_ws/install/turtlebot3_msgs:/home/leonardo/turtlebot3_ws/install/dynamixel_sdk:/home/leonardo/turtlebot3_ws/install/turtlebot3:/home/leonardo/turtlebot3_ws/install/turtlebot3_simulations:/home/leonardo/turtlebot3_ws/install/turtlebot3_bringup:/home/leonardo/turtlebot3_ws/install/turtlebot3_node:/home/leonardo/turtlebot3_ws/install/turtlebot3_navigation2:/home/leonardo/turtlebot3_ws/install/turtlebot3_fake_node:/home/leonardo/turtlebot3_ws/install/turtlebot3_gazebo:/home/leonardo/turtlebot3_ws/install/turtlebot3_description:/home/leonardo/turtlebot3_ws/install/turtlebot3_cartographer:/home/leonardo/turtlebot3_ws/install/dynamixel_sdk_examples:/home/leonardo/turtlebot3_ws/install/dynamixel_sdk_custom_interfaces:/home/leonardo/turtlebot3_ws/install/turtlebot3_teleop:/home/leonardo/turtlebot3_ws/install/turtlebot3_example:/opt/ros/humble LD_LIBRARY_PATH=/home/leonardo/turtlebot3_ws/install/turtlebot3_msgs/lib:/home/leonardo/turtlebot3_ws/install/dynamixel_sdk/lib:/home/leonardo/turtlebot3_ws/install/dynamixel_sdk_custom_interfaces/lib:/usr/lib/x86_64-linux-gnu/gazebo-11/plugins:/opt/ros/humble/opt/rviz_ogre_vendor/lib:/opt/ros/humble/lib/x86_64-linux-gnu:/opt/ros/humble/lib:/usr/lib/x86_64-linux-gnu/gazebo-11/plugins /usr/bin/cmake /home/leonardo/turtlebot3_ws/src/turtlebot3/turtlebot3_node -DCMAKE_INSTALL_PREFIX=/home/leonardo/turtlebot3_ws/install/turtlebot3_node
[0.019s] -- Found ament_cmake: 1.3.11 (/opt/ros/humble/share/ament_cmake/cmake)
[0.088s] -- Override CMake install command with custom implementation using symlinks instead of copying resources
[0.091s] -- Found dynamixel_sdk: 3.7.60 (/home/leonardo/turtlebot3_ws/install/dynamixel_sdk/share/dynamixel_sdk/cmake)
[0.092s] -- Found geometry_msgs: 4.2.4 (/opt/ros/humble/share/geometry_msgs/cmake)
[0.104s] -- Found rosidl_generator_c: 3.1.6 (/opt/ros/humble/share/rosidl_generator_c/cmake)
[0.105s] -- Found rosidl_adapter: 3.1.6 (/opt/ros/humble/share/rosidl_adapter/cmake)
[0.108s] -- Found rosidl_generator_cpp: 3.1.6 (/opt/ros/humble/share/rosidl_generator_cpp/cmake)
[0.113s] -- Using all available rosidl_typesupport_c: rosidl_typesupport_fastrtps_c;rosidl_typesupport_introspection_c
[0.119s] -- Using all available rosidl_typesupport_cpp: rosidl_typesupport_fastrtps_cpp;rosidl_typesupport_introspection_cpp
[0.137s] -- Found message_filters: 4.3.5 (/opt/ros/humble/share/message_filters/cmake)
[0.150s] -- Found rmw_implementation_cmake: 6.1.2 (/opt/ros/humble/share/rmw_implementation_cmake/cmake)
[0.151s] -- Found rmw_fastrtps_cpp: 6.2.7 (/opt/ros/humble/share/rmw_fastrtps_cpp/cmake)
[0.214s] -- Using RMW implementation 'rmw_fastrtps_cpp' as default
[0.232s] -- Found nav_msgs: 4.2.4 (/opt/ros/humble/share/nav_msgs/cmake)
[0.241s] -- Found sensor_msgs: 4.2.4 (/opt/ros/humble/share/sensor_msgs/cmake)
[0.249s] -- Found std_srvs: 4.2.4 (/opt/ros/humble/share/std_srvs/cmake)
[0.255s] -- Found tf2: 0.25.9 (/opt/ros/humble/share/tf2/cmake)
[0.257s] -- Found tf2_ros: 0.25.9 (/opt/ros/humble/share/tf2_ros/cmake)
[0.308s] -- Found turtlebot3_msgs: 2.2.3 (/home/leonardo/turtlebot3_ws/install/turtlebot3_msgs/share/turtlebot3_msgs/cmake)
[0.360s] -- Configuring done
[0.371s] -- Generating done
[0.376s] -- Build files have been written to: /home/leonardo/turtlebot3_ws/build/turtlebot3_node
[0.382s] Invoked command in '/home/leonardo/turtlebot3_ws/build/turtlebot3_node' returned '0': CMAKE_PREFIX_PATH=/home/leonardo/turtlebot3_ws/install/turtlebot3_msgs:/home/leonardo/turtlebot3_ws/install/dynamixel_sdk:/home/leonardo/turtlebot3_ws/install/turtlebot3:/home/leonardo/turtlebot3_ws/install/turtlebot3_simulations:/home/leonardo/turtlebot3_ws/install/turtlebot3_bringup:/home/leonardo/turtlebot3_ws/install/turtlebot3_node:/home/leonardo/turtlebot3_ws/install/turtlebot3_navigation2:/home/leonardo/turtlebot3_ws/install/turtlebot3_fake_node:/home/leonardo/turtlebot3_ws/install/turtlebot3_gazebo:/home/leonardo/turtlebot3_ws/install/turtlebot3_description:/home/leonardo/turtlebot3_ws/install/turtlebot3_cartographer:/home/leonardo/turtlebot3_ws/install/dynamixel_sdk_examples:/home/leonardo/turtlebot3_ws/install/dynamixel_sdk_custom_interfaces:/home/leonardo/turtlebot3_ws/install/turtlebot3_teleop:/home/leonardo/turtlebot3_ws/install/turtlebot3_example:/opt/ros/humble LD_LIBRARY_PATH=/home/leonardo/turtlebot3_ws/install/turtlebot3_msgs/lib:/home/leonardo/turtlebot3_ws/install/dynamixel_sdk/lib:/home/leonardo/turtlebot3_ws/install/dynamixel_sdk_custom_interfaces/lib:/usr/lib/x86_64-linux-gnu/gazebo-11/plugins:/opt/ros/humble/opt/rviz_ogre_vendor/lib:/opt/ros/humble/lib/x86_64-linux-gnu:/opt/ros/humble/lib:/usr/lib/x86_64-linux-gnu/gazebo-11/plugins /usr/bin/cmake /home/leonardo/turtlebot3_ws/src/turtlebot3/turtlebot3_node -DCMAKE_INSTALL_PREFIX=/home/leonardo/turtlebot3_ws/install/turtlebot3_node
[0.383s] Invoking command in '/home/leonardo/turtlebot3_ws/build/turtlebot3_node': CMAKE_PREFIX_PATH=/home/leonardo/turtlebot3_ws/install/turtlebot3_msgs:/home/leonardo/turtlebot3_ws/install/dynamixel_sdk:/home/leonardo/turtlebot3_ws/install/turtlebot3:/home/leonardo/turtlebot3_ws/install/turtlebot3_simulations:/home/leonardo/turtlebot3_ws/install/turtlebot3_bringup:/home/leonardo/turtlebot3_ws/install/turtlebot3_node:/home/leonardo/turtlebot3_ws/install/turtlebot3_navigation2:/home/leonardo/turtlebot3_ws/install/turtlebot3_fake_node:/home/leonardo/turtlebot3_ws/install/turtlebot3_gazebo:/home/leonardo/turtlebot3_ws/install/turtlebot3_description:/home/leonardo/turtlebot3_ws/install/turtlebot3_cartographer:/home/leonardo/turtlebot3_ws/install/dynamixel_sdk_examples:/home/leonardo/turtlebot3_ws/install/dynamixel_sdk_custom_interfaces:/home/leonardo/turtlebot3_ws/install/turtlebot3_teleop:/home/leonardo/turtlebot3_ws/install/turtlebot3_example:/opt/ros/humble LD_LIBRARY_PATH=/home/leonardo/turtlebot3_ws/install/turtlebot3_msgs/lib:/home/leonardo/turtlebot3_ws/install/dynamixel_sdk/lib:/home/leonardo/turtlebot3_ws/install/dynamixel_sdk_custom_interfaces/lib:/usr/lib/x86_64-linux-gnu/gazebo-11/plugins:/opt/ros/humble/opt/rviz_ogre_vendor/lib:/opt/ros/humble/lib/x86_64-linux-gnu:/opt/ros/humble/lib:/usr/lib/x86_64-linux-gnu/gazebo-11/plugins /usr/bin/cmake --build /home/leonardo/turtlebot3_ws/build/turtlebot3_node -- -j24 -l24
[0.415s] [35m[1mConsolidate compiler generated dependencies of target turtlebot3_node_lib[0m
[0.435s] [  7%] [32mBuilding CXX object CMakeFiles/turtlebot3_node_lib.dir/src/devices/sound.cpp.o[0m
[0.436s] [ 14%] [32mBuilding CXX object CMakeFiles/turtlebot3_node_lib.dir/src/diff_drive_controller.cpp.o[0m
[0.437s] [ 21%] [32mBuilding CXX object CMakeFiles/turtlebot3_node_lib.dir/src/devices/reset.cpp.o[0m
[0.437s] [ 28%] [32mBuilding CXX object CMakeFiles/turtlebot3_node_lib.dir/src/devices/motor_power.cpp.o[0m
[0.437s] [ 35%] [32mBuilding CXX object CMakeFiles/turtlebot3_node_lib.dir/src/odometry.cpp.o[0m
[0.438s] [ 42%] [32mBuilding CXX object CMakeFiles/turtlebot3_node_lib.dir/src/turtlebot3.cpp.o[0m
[0.438s] [ 50%] [32mBuilding CXX object CMakeFiles/turtlebot3_node_lib.dir/src/dynamixel_sdk_wrapper.cpp.o[0m
[0.440s] [ 57%] [32mBuilding CXX object CMakeFiles/turtlebot3_node_lib.dir/src/sensors/joint_state.cpp.o[0m
[0.441s] [ 78%] [32mBuilding CXX object CMakeFiles/turtlebot3_node_lib.dir/src/sensors/imu.cpp.o[0m
[0.441s] [ 78%] [32mBuilding CXX object CMakeFiles/turtlebot3_node_lib.dir/src/sensors/battery_state.cpp.o[0m
[0.441s] [ 78%] [32mBuilding CXX object CMakeFiles/turtlebot3_node_lib.dir/src/sensors/sensor_state.cpp.o[0m
[7.639s] [ 85%] [32m[1mLinking CXX static library libturtlebot3_node_lib.a[0m
[7.886s] [ 85%] Built target turtlebot3_node_lib
[7.893s] [35m[1mConsolidate compiler generated dependencies of target turtlebot3_ros[0m
[7.903s] [ 92%] [32mBuilding CXX object CMakeFiles/turtlebot3_ros.dir/src/node_main.cpp.o[0m
[9.382s] [100%] [32m[1mLinking CXX executable turtlebot3_ros[0m
[10.161s] [100%] Built target turtlebot3_ros
[10.171s] Invoked command in '/home/leonardo/turtlebot3_ws/build/turtlebot3_node' returned '0': CMAKE_PREFIX_PATH=/home/leonardo/turtlebot3_ws/install/turtlebot3_msgs:/home/leonardo/turtlebot3_ws/install/dynamixel_sdk:/home/leonardo/turtlebot3_ws/install/turtlebot3:/home/leonardo/turtlebot3_ws/install/turtlebot3_simulations:/home/leonardo/turtlebot3_ws/install/turtlebot3_bringup:/home/leonardo/turtlebot3_ws/install/turtlebot3_node:/home/leonardo/turtlebot3_ws/install/turtlebot3_navigation2:/home/leonardo/turtlebot3_ws/install/turtlebot3_fake_node:/home/leonardo/turtlebot3_ws/install/turtlebot3_gazebo:/home/leonardo/turtlebot3_ws/install/turtlebot3_description:/home/leonardo/turtlebot3_ws/install/turtlebot3_cartographer:/home/leonardo/turtlebot3_ws/install/dynamixel_sdk_examples:/home/leonardo/turtlebot3_ws/install/dynamixel_sdk_custom_interfaces:/home/leonardo/turtlebot3_ws/install/turtlebot3_teleop:/home/leonardo/turtlebot3_ws/install/turtlebot3_example:/opt/ros/humble LD_LIBRARY_PATH=/home/leonardo/turtlebot3_ws/install/turtlebot3_msgs/lib:/home/leonardo/turtlebot3_ws/install/dynamixel_sdk/lib:/home/leonardo/turtlebot3_ws/install/dynamixel_sdk_custom_interfaces/lib:/usr/lib/x86_64-linux-gnu/gazebo-11/plugins:/opt/ros/humble/opt/rviz_ogre_vendor/lib:/opt/ros/humble/lib/x86_64-linux-gnu:/opt/ros/humble/lib:/usr/lib/x86_64-linux-gnu/gazebo-11/plugins /usr/bin/cmake --build /home/leonardo/turtlebot3_ws/build/turtlebot3_node -- -j24 -l24
[10.174s] Invoking command in '/home/leonardo/turtlebot3_ws/build/turtlebot3_node': CMAKE_PREFIX_PATH=/home/leonardo/turtlebot3_ws/install/turtlebot3_msgs:/home/leonardo/turtlebot3_ws/install/dynamixel_sdk:/home/leonardo/turtlebot3_ws/install/turtlebot3:/home/leonardo/turtlebot3_ws/install/turtlebot3_simulations:/home/leonardo/turtlebot3_ws/install/turtlebot3_bringup:/home/leonardo/turtlebot3_ws/install/turtlebot3_node:/home/leonardo/turtlebot3_ws/install/turtlebot3_navigation2:/home/leonardo/turtlebot3_ws/install/turtlebot3_fake_node:/home/leonardo/turtlebot3_ws/install/turtlebot3_gazebo:/home/leonardo/turtlebot3_ws/install/turtlebot3_description:/home/leonardo/turtlebot3_ws/install/turtlebot3_cartographer:/home/leonardo/turtlebot3_ws/install/dynamixel_sdk_examples:/home/leonardo/turtlebot3_ws/install/dynamixel_sdk_custom_interfaces:/home/leonardo/turtlebot3_ws/install/turtlebot3_teleop:/home/leonardo/turtlebot3_ws/install/turtlebot3_example:/opt/ros/humble LD_LIBRARY_PATH=/home/leonardo/turtlebot3_ws/install/turtlebot3_msgs/lib:/home/leonardo/turtlebot3_ws/install/dynamixel_sdk/lib:/home/leonardo/turtlebot3_ws/install/dynamixel_sdk_custom_interfaces/lib:/usr/lib/x86_64-linux-gnu/gazebo-11/plugins:/opt/ros/humble/opt/rviz_ogre_vendor/lib:/opt/ros/humble/lib/x86_64-linux-gnu:/opt/ros/humble/lib:/usr/lib/x86_64-linux-gnu/gazebo-11/plugins /usr/bin/cmake --install /home/leonardo/turtlebot3_ws/build/turtlebot3_node
[10.178s] -- Install configuration: ""
[10.178s] -- Execute custom install script
[10.180s] -- Up-to-date symlink: /home/leonardo/turtlebot3_ws/install/turtlebot3_node/share/turtlebot3_node/param/burger.yaml
[10.180s] -- Up-to-date symlink: /home/leonardo/turtlebot3_ws/install/turtlebot3_node/share/turtlebot3_node/param/waffle.yaml
[10.180s] -- Up-to-date symlink: /home/leonardo/turtlebot3_ws/install/turtlebot3_node/share/turtlebot3_node/param/waffle_pi.yaml
[10.180s] -- Up-to-date symlink: /home/leonardo/turtlebot3_ws/install/turtlebot3_node/lib/turtlebot3_node/turtlebot3_ros
[10.180s] -- Up-to-date symlink: /home/leonardo/turtlebot3_ws/install/turtlebot3_node/share/ament_index/resource_index/package_run_dependencies/turtlebot3_node
[10.180s] -- Up-to-date symlink: /home/leonardo/turtlebot3_ws/install/turtlebot3_node/share/ament_index/resource_index/parent_prefix_path/turtlebot3_node
[10.180s] -- Up-to-date symlink: /home/leonardo/turtlebot3_ws/install/turtlebot3_node/share/turtlebot3_node/environment/ament_prefix_path.sh
[10.181s] -- Up-to-date symlink: /home/leonardo/turtlebot3_ws/install/turtlebot3_node/share/turtlebot3_node/environment/ament_prefix_path.dsv
[10.181s] -- Up-to-date symlink: /home/leonardo/turtlebot3_ws/install/turtlebot3_node/share/turtlebot3_node/environment/path.sh
[10.181s] -- Up-to-date symlink: /home/leonardo/turtlebot3_ws/install/turtlebot3_node/share/turtlebot3_node/environment/path.dsv
[10.181s] -- Up-to-date symlink: /home/leonardo/turtlebot3_ws/install/turtlebot3_node/share/turtlebot3_node/local_setup.bash
[10.181s] -- Up-to-date symlink: /home/leonardo/turtlebot3_ws/install/turtlebot3_node/share/turtlebot3_node/local_setup.sh
[10.181s] -- Up-to-date symlink: /home/leonardo/turtlebot3_ws/install/turtlebot3_node/share/turtlebot3_node/local_setup.zsh
[10.181s] -- Up-to-date symlink: /home/leonardo/turtlebot3_ws/install/turtlebot3_node/share/turtlebot3_node/local_setup.dsv
[10.181s] -- Symlinking: /home/leonardo/turtlebot3_ws/install/turtlebot3_node/share/turtlebot3_node/package.dsv
[10.189s] -- Up-to-date symlink: /home/leonardo/turtlebot3_ws/install/turtlebot3_node/share/ament_index/resource_index/packages/turtlebot3_node
[10.189s] -- Up-to-date symlink: /home/leonardo/turtlebot3_ws/install/turtlebot3_node/share/turtlebot3_node/cmake/ament_cmake_export_include_directories-extras.cmake
[10.189s] -- Up-to-date symlink: /home/leonardo/turtlebot3_ws/install/turtlebot3_node/share/turtlebot3_node/cmake/turtlebot3_nodeConfig.cmake
[10.189s] -- Up-to-date symlink: /home/leonardo/turtlebot3_ws/install/turtlebot3_node/share/turtlebot3_node/cmake/turtlebot3_nodeConfig-version.cmake
[10.189s] -- Up-to-date symlink: /home/leonardo/turtlebot3_ws/install/turtlebot3_node/share/turtlebot3_node/package.xml
[10.191s] Invoked command in '/home/leonardo/turtlebot3_ws/build/turtlebot3_node' returned '0': CMAKE_PREFIX_PATH=/home/leonardo/turtlebot3_ws/install/turtlebot3_msgs:/home/leonardo/turtlebot3_ws/install/dynamixel_sdk:/home/leonardo/turtlebot3_ws/install/turtlebot3:/home/leonardo/turtlebot3_ws/install/turtlebot3_simulations:/home/leonardo/turtlebot3_ws/install/turtlebot3_bringup:/home/leonardo/turtlebot3_ws/install/turtlebot3_node:/home/leonardo/turtlebot3_ws/install/turtlebot3_navigation2:/home/leonardo/turtlebot3_ws/install/turtlebot3_fake_node:/home/leonardo/turtlebot3_ws/install/turtlebot3_gazebo:/home/leonardo/turtlebot3_ws/install/turtlebot3_description:/home/leonardo/turtlebot3_ws/install/turtlebot3_cartographer:/home/leonardo/turtlebot3_ws/install/dynamixel_sdk_examples:/home/leonardo/turtlebot3_ws/install/dynamixel_sdk_custom_interfaces:/home/leonardo/turtlebot3_ws/install/turtlebot3_teleop:/home/leonardo/turtlebot3_ws/install/turtlebot3_example:/opt/ros/humble LD_LIBRARY_PATH=/home/leonardo/turtlebot3_ws/install/turtlebot3_msgs/lib:/home/leonardo/turtlebot3_ws/install/dynamixel_sdk/lib:/home/leonardo/turtlebot3_ws/install/dynamixel_sdk_custom_interfaces/lib:/usr/lib/x86_64-linux-gnu/gazebo-11/plugins:/opt/ros/humble/opt/rviz_ogre_vendor/lib:/opt/ros/humble/lib/x86_64-linux-gnu:/opt/ros/humble/lib:/usr/lib/x86_64-linux-gnu/gazebo-11/plugins /usr/bin/cmake --install /home/leonardo/turtlebot3_ws/build/turtlebot3_node
