[0.130s] Invoking command in '/home/leonardo/turtlebot3_ws/build/turtlebot3_fake_node': CMAKE_PREFIX_PATH=/home/leonardo/turtlebot3_ws/install/turtlebot3_msgs:/home/leonardo/turtlebot3_ws/install/turtlebot3:/home/leonardo/turtlebot3_ws/install/turtlebot3_simulations:/home/leonardo/turtlebot3_ws/install/turtlebot3_bringup:/home/leonardo/turtlebot3_ws/install/turtlebot3_node:/home/leonardo/turtlebot3_ws/install/turtlebot3_navigation2:/home/leonardo/turtlebot3_ws/install/turtlebot3_fake_node:/home/leonardo/turtlebot3_ws/install/turtlebot3_gazebo:/home/leonardo/turtlebot3_ws/install/turtlebot3_description:/home/leonardo/turtlebot3_ws/install/turtlebot3_cartographer:/home/leonardo/turtlebot3_ws/install/dynamixel_sdk_examples:/home/leonardo/turtlebot3_ws/install/dynamixel_sdk_custom_interfaces:/home/leonardo/turtlebot3_ws/install/dynamixel_sdk:/home/leonardo/turtlebot3_ws/install/turtlebot3_teleop:/home/leonardo/turtlebot3_ws/install/turtlebot3_example:/opt/ros/humble LD_LIBRARY_PATH=/home/leonardo/turtlebot3_ws/install/turtlebot3_msgs/lib:/home/leonardo/turtlebot3_ws/install/dynamixel_sdk_custom_interfaces/lib:/home/leonardo/turtlebot3_ws/install/dynamixel_sdk/lib:/usr/lib/x86_64-linux-gnu/gazebo-11/plugins:/opt/ros/humble/opt/rviz_ogre_vendor/lib:/opt/ros/humble/lib/x86_64-linux-gnu:/opt/ros/humble/lib:/usr/lib/x86_64-linux-gnu/gazebo-11/plugins /usr/bin/cmake /home/leonardo/turtlebot3_ws/src/turtlebot3_simulations/turtlebot3_fake_node -DCMAKE_INSTALL_PREFIX=/home/leonardo/turtlebot3_ws/install/turtlebot3_fake_node
[0.139s] -- Found ament_cmake: 1.3.11 (/opt/ros/humble/share/ament_cmake/cmake)
[0.218s] -- Override CMake install command with custom implementation using symlinks instead of copying resources
[0.222s] -- Found geometry_msgs: 4.2.4 (/opt/ros/humble/share/geometry_msgs/cmake)
[0.236s] -- Found rosidl_generator_c: 3.1.6 (/opt/ros/humble/share/rosidl_generator_c/cmake)
[0.237s] -- Found rosidl_adapter: 3.1.6 (/opt/ros/humble/share/rosidl_adapter/cmake)
[0.240s] -- Found rosidl_generator_cpp: 3.1.6 (/opt/ros/humble/share/rosidl_generator_cpp/cmake)
[0.245s] -- Using all available rosidl_typesupport_c: rosidl_typesupport_fastrtps_c;rosidl_typesupport_introspection_c
[0.251s] -- Using all available rosidl_typesupport_cpp: rosidl_typesupport_fastrtps_cpp;rosidl_typesupport_introspection_cpp
[0.268s] -- Found nav_msgs: 4.2.4 (/opt/ros/humble/share/nav_msgs/cmake)
[0.276s] -- Found rclcpp: 16.0.11 (/opt/ros/humble/share/rclcpp/cmake)
[0.288s] -- Found rmw_implementation_cmake: 6.1.2 (/opt/ros/humble/share/rmw_implementation_cmake/cmake)
[0.289s] -- Found rmw_fastrtps_cpp: 6.2.7 (/opt/ros/humble/share/rmw_fastrtps_cpp/cmake)
[0.348s] -- Using RMW implementation 'rmw_fastrtps_cpp' as default
[0.366s] -- Found sensor_msgs: 4.2.4 (/opt/ros/humble/share/sensor_msgs/cmake)
[0.374s] -- Found tf2: 0.25.9 (/opt/ros/humble/share/tf2/cmake)
[0.376s] -- Found tf2_msgs: 0.25.9 (/opt/ros/humble/share/tf2_msgs/cmake)
[0.394s] -- Found turtlebot3_msgs: 2.2.3 (/home/leonardo/turtlebot3_ws/install/turtlebot3_msgs/share/turtlebot3_msgs/cmake)
[0.449s] -- Configuring done
[0.460s] -- Generating done
[0.463s] -- Build files have been written to: /home/leonardo/turtlebot3_ws/build/turtlebot3_fake_node
[0.470s] Invoked command in '/home/leonardo/turtlebot3_ws/build/turtlebot3_fake_node' returned '0': CMAKE_PREFIX_PATH=/home/leonardo/turtlebot3_ws/install/turtlebot3_msgs:/home/leonardo/turtlebot3_ws/install/turtlebot3:/home/leonardo/turtlebot3_ws/install/turtlebot3_simulations:/home/leonardo/turtlebot3_ws/install/turtlebot3_bringup:/home/leonardo/turtlebot3_ws/install/turtlebot3_node:/home/leonardo/turtlebot3_ws/install/turtlebot3_navigation2:/home/leonardo/turtlebot3_ws/install/turtlebot3_fake_node:/home/leonardo/turtlebot3_ws/install/turtlebot3_gazebo:/home/leonardo/turtlebot3_ws/install/turtlebot3_description:/home/leonardo/turtlebot3_ws/install/turtlebot3_cartographer:/home/leonardo/turtlebot3_ws/install/dynamixel_sdk_examples:/home/leonardo/turtlebot3_ws/install/dynamixel_sdk_custom_interfaces:/home/leonardo/turtlebot3_ws/install/dynamixel_sdk:/home/leonardo/turtlebot3_ws/install/turtlebot3_teleop:/home/leonardo/turtlebot3_ws/install/turtlebot3_example:/opt/ros/humble LD_LIBRARY_PATH=/home/leonardo/turtlebot3_ws/install/turtlebot3_msgs/lib:/home/leonardo/turtlebot3_ws/install/dynamixel_sdk_custom_interfaces/lib:/home/leonardo/turtlebot3_ws/install/dynamixel_sdk/lib:/usr/lib/x86_64-linux-gnu/gazebo-11/plugins:/opt/ros/humble/opt/rviz_ogre_vendor/lib:/opt/ros/humble/lib/x86_64-linux-gnu:/opt/ros/humble/lib:/usr/lib/x86_64-linux-gnu/gazebo-11/plugins /usr/bin/cmake /home/leonardo/turtlebot3_ws/src/turtlebot3_simulations/turtlebot3_fake_node -DCMAKE_INSTALL_PREFIX=/home/leonardo/turtlebot3_ws/install/turtlebot3_fake_node
[0.471s] Invoking command in '/home/leonardo/turtlebot3_ws/build/turtlebot3_fake_node': CMAKE_PREFIX_PATH=/home/leonardo/turtlebot3_ws/install/turtlebot3_msgs:/home/leonardo/turtlebot3_ws/install/turtlebot3:/home/leonardo/turtlebot3_ws/install/turtlebot3_simulations:/home/leonardo/turtlebot3_ws/install/turtlebot3_bringup:/home/leonardo/turtlebot3_ws/install/turtlebot3_node:/home/leonardo/turtlebot3_ws/install/turtlebot3_navigation2:/home/leonardo/turtlebot3_ws/install/turtlebot3_fake_node:/home/leonardo/turtlebot3_ws/install/turtlebot3_gazebo:/home/leonardo/turtlebot3_ws/install/turtlebot3_description:/home/leonardo/turtlebot3_ws/install/turtlebot3_cartographer:/home/leonardo/turtlebot3_ws/install/dynamixel_sdk_examples:/home/leonardo/turtlebot3_ws/install/dynamixel_sdk_custom_interfaces:/home/leonardo/turtlebot3_ws/install/dynamixel_sdk:/home/leonardo/turtlebot3_ws/install/turtlebot3_teleop:/home/leonardo/turtlebot3_ws/install/turtlebot3_example:/opt/ros/humble LD_LIBRARY_PATH=/home/leonardo/turtlebot3_ws/install/turtlebot3_msgs/lib:/home/leonardo/turtlebot3_ws/install/dynamixel_sdk_custom_interfaces/lib:/home/leonardo/turtlebot3_ws/install/dynamixel_sdk/lib:/usr/lib/x86_64-linux-gnu/gazebo-11/plugins:/opt/ros/humble/opt/rviz_ogre_vendor/lib:/opt/ros/humble/lib/x86_64-linux-gnu:/opt/ros/humble/lib:/usr/lib/x86_64-linux-gnu/gazebo-11/plugins /usr/bin/cmake --build /home/leonardo/turtlebot3_ws/build/turtlebot3_fake_node -- -j24 -l24
[0.497s] [35m[1mConsolidate compiler generated dependencies of target turtlebot3_fake_node[0m
[0.509s] [ 50%] [32mBuilding CXX object CMakeFiles/turtlebot3_fake_node.dir/src/turtlebot3_fake_node.cpp.o[0m
[6.443s] [100%] [32m[1mLinking CXX executable turtlebot3_fake_node[0m
[6.701s] [100%] Built target turtlebot3_fake_node
[6.710s] Invoked command in '/home/leonardo/turtlebot3_ws/build/turtlebot3_fake_node' returned '0': CMAKE_PREFIX_PATH=/home/leonardo/turtlebot3_ws/install/turtlebot3_msgs:/home/leonardo/turtlebot3_ws/install/turtlebot3:/home/leonardo/turtlebot3_ws/install/turtlebot3_simulations:/home/leonardo/turtlebot3_ws/install/turtlebot3_bringup:/home/leonardo/turtlebot3_ws/install/turtlebot3_node:/home/leonardo/turtlebot3_ws/install/turtlebot3_navigation2:/home/leonardo/turtlebot3_ws/install/turtlebot3_fake_node:/home/leonardo/turtlebot3_ws/install/turtlebot3_gazebo:/home/leonardo/turtlebot3_ws/install/turtlebot3_description:/home/leonardo/turtlebot3_ws/install/turtlebot3_cartographer:/home/leonardo/turtlebot3_ws/install/dynamixel_sdk_examples:/home/leonardo/turtlebot3_ws/install/dynamixel_sdk_custom_interfaces:/home/leonardo/turtlebot3_ws/install/dynamixel_sdk:/home/leonardo/turtlebot3_ws/install/turtlebot3_teleop:/home/leonardo/turtlebot3_ws/install/turtlebot3_example:/opt/ros/humble LD_LIBRARY_PATH=/home/leonardo/turtlebot3_ws/install/turtlebot3_msgs/lib:/home/leonardo/turtlebot3_ws/install/dynamixel_sdk_custom_interfaces/lib:/home/leonardo/turtlebot3_ws/install/dynamixel_sdk/lib:/usr/lib/x86_64-linux-gnu/gazebo-11/plugins:/opt/ros/humble/opt/rviz_ogre_vendor/lib:/opt/ros/humble/lib/x86_64-linux-gnu:/opt/ros/humble/lib:/usr/lib/x86_64-linux-gnu/gazebo-11/plugins /usr/bin/cmake --build /home/leonardo/turtlebot3_ws/build/turtlebot3_fake_node -- -j24 -l24
[6.711s] Invoking command in '/home/leonardo/turtlebot3_ws/build/turtlebot3_fake_node': CMAKE_PREFIX_PATH=/home/leonardo/turtlebot3_ws/install/turtlebot3_msgs:/home/leonardo/turtlebot3_ws/install/turtlebot3:/home/leonardo/turtlebot3_ws/install/turtlebot3_simulations:/home/leonardo/turtlebot3_ws/install/turtlebot3_bringup:/home/leonardo/turtlebot3_ws/install/turtlebot3_node:/home/leonardo/turtlebot3_ws/install/turtlebot3_navigation2:/home/leonardo/turtlebot3_ws/install/turtlebot3_fake_node:/home/leonardo/turtlebot3_ws/install/turtlebot3_gazebo:/home/leonardo/turtlebot3_ws/install/turtlebot3_description:/home/leonardo/turtlebot3_ws/install/turtlebot3_cartographer:/home/leonardo/turtlebot3_ws/install/dynamixel_sdk_examples:/home/leonardo/turtlebot3_ws/install/dynamixel_sdk_custom_interfaces:/home/leonardo/turtlebot3_ws/install/dynamixel_sdk:/home/leonardo/turtlebot3_ws/install/turtlebot3_teleop:/home/leonardo/turtlebot3_ws/install/turtlebot3_example:/opt/ros/humble LD_LIBRARY_PATH=/home/leonardo/turtlebot3_ws/install/turtlebot3_msgs/lib:/home/leonardo/turtlebot3_ws/install/dynamixel_sdk_custom_interfaces/lib:/home/leonardo/turtlebot3_ws/install/dynamixel_sdk/lib:/usr/lib/x86_64-linux-gnu/gazebo-11/plugins:/opt/ros/humble/opt/rviz_ogre_vendor/lib:/opt/ros/humble/lib/x86_64-linux-gnu:/opt/ros/humble/lib:/usr/lib/x86_64-linux-gnu/gazebo-11/plugins /usr/bin/cmake --install /home/leonardo/turtlebot3_ws/build/turtlebot3_fake_node
[6.714s] -- Install configuration: ""
[6.714s] -- Execute custom install script
[6.714s] -- Up-to-date symlink: /home/leonardo/turtlebot3_ws/install/turtlebot3_fake_node/lib/turtlebot3_fake_node/turtlebot3_fake_node
[6.715s] -- Up-to-date symlink: /home/leonardo/turtlebot3_ws/install/turtlebot3_fake_node/share/turtlebot3_fake_node/launch/rviz2.launch.py
[6.715s] -- Up-to-date symlink: /home/leonardo/turtlebot3_ws/install/turtlebot3_fake_node/share/turtlebot3_fake_node/launch/turtlebot3_fake_node.launch.py
[6.715s] -- Up-to-date symlink: /home/leonardo/turtlebot3_ws/install/turtlebot3_fake_node/share/turtlebot3_fake_node/param/burger.yaml
[6.715s] -- Up-to-date symlink: /home/leonardo/turtlebot3_ws/install/turtlebot3_fake_node/share/turtlebot3_fake_node/param/waffle.yaml
[6.715s] -- Up-to-date symlink: /home/leonardo/turtlebot3_ws/install/turtlebot3_fake_node/share/turtlebot3_fake_node/param/waffle_pi.yaml
[6.715s] -- Up-to-date symlink: /home/leonardo/turtlebot3_ws/install/turtlebot3_fake_node/include//turtlebot3_fake_node/turtlebot3_fake_node.hpp
[6.716s] -- Up-to-date symlink: /home/leonardo/turtlebot3_ws/install/turtlebot3_fake_node/share/ament_index/resource_index/package_run_dependencies/turtlebot3_fake_node
[6.716s] -- Up-to-date symlink: /home/leonardo/turtlebot3_ws/install/turtlebot3_fake_node/share/ament_index/resource_index/parent_prefix_path/turtlebot3_fake_node
[6.716s] -- Up-to-date symlink: /home/leonardo/turtlebot3_ws/install/turtlebot3_fake_node/share/turtlebot3_fake_node/environment/ament_prefix_path.sh
[6.716s] -- Up-to-date symlink: /home/leonardo/turtlebot3_ws/install/turtlebot3_fake_node/share/turtlebot3_fake_node/environment/ament_prefix_path.dsv
[6.716s] -- Up-to-date symlink: /home/leonardo/turtlebot3_ws/install/turtlebot3_fake_node/share/turtlebot3_fake_node/environment/path.sh
[6.716s] -- Up-to-date symlink: /home/leonardo/turtlebot3_ws/install/turtlebot3_fake_node/share/turtlebot3_fake_node/environment/path.dsv
[6.716s] -- Up-to-date symlink: /home/leonardo/turtlebot3_ws/install/turtlebot3_fake_node/share/turtlebot3_fake_node/local_setup.bash
[6.716s] -- Up-to-date symlink: /home/leonardo/turtlebot3_ws/install/turtlebot3_fake_node/share/turtlebot3_fake_node/local_setup.sh
[6.716s] -- Up-to-date symlink: /home/leonardo/turtlebot3_ws/install/turtlebot3_fake_node/share/turtlebot3_fake_node/local_setup.zsh
[6.716s] -- Up-to-date symlink: /home/leonardo/turtlebot3_ws/install/turtlebot3_fake_node/share/turtlebot3_fake_node/local_setup.dsv
[6.716s] -- Symlinking: /home/leonardo/turtlebot3_ws/install/turtlebot3_fake_node/share/turtlebot3_fake_node/package.dsv
[6.722s] -- Up-to-date symlink: /home/leonardo/turtlebot3_ws/install/turtlebot3_fake_node/share/ament_index/resource_index/packages/turtlebot3_fake_node
[6.722s] -- Up-to-date symlink: /home/leonardo/turtlebot3_ws/install/turtlebot3_fake_node/share/turtlebot3_fake_node/cmake/ament_cmake_export_include_directories-extras.cmake
[6.723s] -- Up-to-date symlink: /home/leonardo/turtlebot3_ws/install/turtlebot3_fake_node/share/turtlebot3_fake_node/cmake/ament_cmake_export_dependencies-extras.cmake
[6.723s] -- Up-to-date symlink: /home/leonardo/turtlebot3_ws/install/turtlebot3_fake_node/share/turtlebot3_fake_node/cmake/turtlebot3_fake_nodeConfig.cmake
[6.723s] -- Up-to-date symlink: /home/leonardo/turtlebot3_ws/install/turtlebot3_fake_node/share/turtlebot3_fake_node/cmake/turtlebot3_fake_nodeConfig-version.cmake
[6.723s] -- Up-to-date symlink: /home/leonardo/turtlebot3_ws/install/turtlebot3_fake_node/share/turtlebot3_fake_node/package.xml
[6.724s] Invoked command in '/home/leonardo/turtlebot3_ws/build/turtlebot3_fake_node' returned '0': CMAKE_PREFIX_PATH=/home/leonardo/turtlebot3_ws/install/turtlebot3_msgs:/home/leonardo/turtlebot3_ws/install/turtlebot3:/home/leonardo/turtlebot3_ws/install/turtlebot3_simulations:/home/leonardo/turtlebot3_ws/install/turtlebot3_bringup:/home/leonardo/turtlebot3_ws/install/turtlebot3_node:/home/leonardo/turtlebot3_ws/install/turtlebot3_navigation2:/home/leonardo/turtlebot3_ws/install/turtlebot3_fake_node:/home/leonardo/turtlebot3_ws/install/turtlebot3_gazebo:/home/leonardo/turtlebot3_ws/install/turtlebot3_description:/home/leonardo/turtlebot3_ws/install/turtlebot3_cartographer:/home/leonardo/turtlebot3_ws/install/dynamixel_sdk_examples:/home/leonardo/turtlebot3_ws/install/dynamixel_sdk_custom_interfaces:/home/leonardo/turtlebot3_ws/install/dynamixel_sdk:/home/leonardo/turtlebot3_ws/install/turtlebot3_teleop:/home/leonardo/turtlebot3_ws/install/turtlebot3_example:/opt/ros/humble LD_LIBRARY_PATH=/home/leonardo/turtlebot3_ws/install/turtlebot3_msgs/lib:/home/leonardo/turtlebot3_ws/install/dynamixel_sdk_custom_interfaces/lib:/home/leonardo/turtlebot3_ws/install/dynamixel_sdk/lib:/usr/lib/x86_64-linux-gnu/gazebo-11/plugins:/opt/ros/humble/opt/rviz_ogre_vendor/lib:/opt/ros/humble/lib/x86_64-linux-gnu:/opt/ros/humble/lib:/usr/lib/x86_64-linux-gnu/gazebo-11/plugins /usr/bin/cmake --install /home/leonardo/turtlebot3_ws/build/turtlebot3_fake_node
