[0.020s] Invoking command in '/home/leonardo/turtlebot3_ws/build/turtlebot3_navigation2': CMAKE_PREFIX_PATH=${CMAKE_PREFIX_PATH}:/home/leonardo/turtlebot3_ws/install/turtlebot3_teleop:/home/leonardo/turtlebot3_ws/install/turtlebot3_example:/opt/ros/humble /usr/bin/cmake /home/leonardo/turtlebot3_ws/src/turtlebot3/turtlebot3_navigation2 -DCMAKE_INSTALL_PREFIX=/home/leonardo/turtlebot3_ws/install/turtlebot3_navigation2
[0.027s] -- Found ament_cmake: 1.3.11 (/opt/ros/humble/share/ament_cmake/cmake)
[0.095s] -- Override CMake install command with custom implementation using symlinks instead of copying resources
[0.141s] -- Configuring done
[0.143s] -- Generating done
[0.144s] -- Build files have been written to: /home/leonardo/turtlebot3_ws/build/turtlebot3_navigation2
[0.148s] Invoked command in '/home/leonardo/turtlebot3_ws/build/turtlebot3_navigation2' returned '0': CMAKE_PREFIX_PATH=${CMAKE_PREFIX_PATH}:/home/leonardo/turtlebot3_ws/install/turtlebot3_teleop:/home/leonardo/turtlebot3_ws/install/turtlebot3_example:/opt/ros/humble /usr/bin/cmake /home/leonardo/turtlebot3_ws/src/turtlebot3/turtlebot3_navigation2 -DCMAKE_INSTALL_PREFIX=/home/leonardo/turtlebot3_ws/install/turtlebot3_navigation2
[0.149s] Invoking command in '/home/leonardo/turtlebot3_ws/build/turtlebot3_navigation2': CMAKE_PREFIX_PATH=${CMAKE_PREFIX_PATH}:/home/leonardo/turtlebot3_ws/install/turtlebot3_teleop:/home/leonardo/turtlebot3_ws/install/turtlebot3_example:/opt/ros/humble /usr/bin/cmake --build /home/leonardo/turtlebot3_ws/build/turtlebot3_navigation2 -- -j24 -l24
[0.178s] Invoked command in '/home/leonardo/turtlebot3_ws/build/turtlebot3_navigation2' returned '0': CMAKE_PREFIX_PATH=${CMAKE_PREFIX_PATH}:/home/leonardo/turtlebot3_ws/install/turtlebot3_teleop:/home/leonardo/turtlebot3_ws/install/turtlebot3_example:/opt/ros/humble /usr/bin/cmake --build /home/leonardo/turtlebot3_ws/build/turtlebot3_navigation2 -- -j24 -l24
[0.179s] Invoking command in '/home/leonardo/turtlebot3_ws/build/turtlebot3_navigation2': CMAKE_PREFIX_PATH=${CMAKE_PREFIX_PATH}:/home/leonardo/turtlebot3_ws/install/turtlebot3_teleop:/home/leonardo/turtlebot3_ws/install/turtlebot3_example:/opt/ros/humble /usr/bin/cmake --install /home/leonardo/turtlebot3_ws/build/turtlebot3_navigation2
[0.182s] -- Install configuration: ""
[0.183s] -- Execute custom install script
[0.183s] -- Up-to-date symlink: /home/leonardo/turtlebot3_ws/install/turtlebot3_navigation2/share/turtlebot3_navigation2/launch/navigation2.launch.py
[0.183s] -- Up-to-date symlink: /home/leonardo/turtlebot3_ws/install/turtlebot3_navigation2/share/turtlebot3_navigation2/map/map.pgm
[0.183s] -- Up-to-date symlink: /home/leonardo/turtlebot3_ws/install/turtlebot3_navigation2/share/turtlebot3_navigation2/map/map.yaml
[0.184s] -- Up-to-date symlink: /home/leonardo/turtlebot3_ws/install/turtlebot3_navigation2/share/turtlebot3_navigation2/param/burger.yaml
[0.184s] -- Up-to-date symlink: /home/leonardo/turtlebot3_ws/install/turtlebot3_navigation2/share/turtlebot3_navigation2/param/waffle.yaml
[0.184s] -- Up-to-date symlink: /home/leonardo/turtlebot3_ws/install/turtlebot3_navigation2/share/turtlebot3_navigation2/param/waffle_pi.yaml
[0.184s] -- Up-to-date symlink: /home/leonardo/turtlebot3_ws/install/turtlebot3_navigation2/share/turtlebot3_navigation2/rviz/tb3_navigation2.rviz
[0.184s] -- Up-to-date symlink: /home/leonardo/turtlebot3_ws/install/turtlebot3_navigation2/share/ament_index/resource_index/package_run_dependencies/turtlebot3_navigation2
[0.185s] -- Up-to-date symlink: /home/leonardo/turtlebot3_ws/install/turtlebot3_navigation2/share/ament_index/resource_index/parent_prefix_path/turtlebot3_navigation2
[0.185s] -- Up-to-date symlink: /home/leonardo/turtlebot3_ws/install/turtlebot3_navigation2/share/turtlebot3_navigation2/environment/ament_prefix_path.sh
[0.185s] -- Up-to-date symlink: /home/leonardo/turtlebot3_ws/install/turtlebot3_navigation2/share/turtlebot3_navigation2/environment/ament_prefix_path.dsv
[0.185s] -- Up-to-date symlink: /home/leonardo/turtlebot3_ws/install/turtlebot3_navigation2/share/turtlebot3_navigation2/environment/path.sh
[0.185s] -- Up-to-date symlink: /home/leonardo/turtlebot3_ws/install/turtlebot3_navigation2/share/turtlebot3_navigation2/environment/path.dsv
[0.185s] -- Up-to-date symlink: /home/leonardo/turtlebot3_ws/install/turtlebot3_navigation2/share/turtlebot3_navigation2/local_setup.bash
[0.185s] -- Up-to-date symlink: /home/leonardo/turtlebot3_ws/install/turtlebot3_navigation2/share/turtlebot3_navigation2/local_setup.sh
[0.185s] -- Up-to-date symlink: /home/leonardo/turtlebot3_ws/install/turtlebot3_navigation2/share/turtlebot3_navigation2/local_setup.zsh
[0.186s] -- Up-to-date symlink: /home/leonardo/turtlebot3_ws/install/turtlebot3_navigation2/share/turtlebot3_navigation2/local_setup.dsv
[0.186s] -- Symlinking: /home/leonardo/turtlebot3_ws/install/turtlebot3_navigation2/share/turtlebot3_navigation2/package.dsv
[0.190s] -- Up-to-date symlink: /home/leonardo/turtlebot3_ws/install/turtlebot3_navigation2/share/ament_index/resource_index/packages/turtlebot3_navigation2
[0.190s] -- Up-to-date symlink: /home/leonardo/turtlebot3_ws/install/turtlebot3_navigation2/share/turtlebot3_navigation2/cmake/turtlebot3_navigation2Config.cmake
[0.190s] -- Up-to-date symlink: /home/leonardo/turtlebot3_ws/install/turtlebot3_navigation2/share/turtlebot3_navigation2/cmake/turtlebot3_navigation2Config-version.cmake
[0.190s] -- Up-to-date symlink: /home/leonardo/turtlebot3_ws/install/turtlebot3_navigation2/share/turtlebot3_navigation2/package.xml
[0.192s] Invoked command in '/home/leonardo/turtlebot3_ws/build/turtlebot3_navigation2' returned '0': CMAKE_PREFIX_PATH=${CMAKE_PREFIX_PATH}:/home/leonardo/turtlebot3_ws/install/turtlebot3_teleop:/home/leonardo/turtlebot3_ws/install/turtlebot3_example:/opt/ros/humble /usr/bin/cmake --install /home/leonardo/turtlebot3_ws/build/turtlebot3_navigation2
