[0.018s] Invoking command in '/home/leonardo/turtlebot3_ws/build/turtlebot3_navigation2': CMAKE_PREFIX_PATH=${CMAKE_PREFIX_PATH}:/home/leonardo/turtlebot3_ws/install/turtlebot3_teleop:/home/leonardo/turtlebot3_ws/install/turtlebot3_example:/opt/ros/humble /usr/bin/cmake --build /home/leonardo/turtlebot3_ws/build/turtlebot3_navigation2 -- -j24 -l24
[0.156s] Invoked command in '/home/leonardo/turtlebot3_ws/build/turtlebot3_navigation2' returned '0': CMAKE_PREFIX_PATH=${CMAKE_PREFIX_PATH}:/home/leonardo/turtlebot3_ws/install/turtlebot3_teleop:/home/leonardo/turtlebot3_ws/install/turtlebot3_example:/opt/ros/humble /usr/bin/cmake --build /home/leonardo/turtlebot3_ws/build/turtlebot3_navigation2 -- -j24 -l24
[0.157s] Invoking command in '/home/leonardo/turtlebot3_ws/build/turtlebot3_navigation2': CMAKE_PREFIX_PATH=${CMAKE_PREFIX_PATH}:/home/leonardo/turtlebot3_ws/install/turtlebot3_teleop:/home/leonardo/turtlebot3_ws/install/turtlebot3_example:/opt/ros/humble /usr/bin/cmake --install /home/leonardo/turtlebot3_ws/build/turtlebot3_navigation2
[0.165s] -- Install configuration: ""
[0.168s] -- Execute custom install script
[0.170s] -- Up-to-date symlink: /home/leonardo/turtlebot3_ws/install/turtlebot3_navigation2/share/turtlebot3_navigation2/launch/navigation2.launch.py
[0.170s] -- Up-to-date symlink: /home/leonardo/turtlebot3_ws/install/turtlebot3_navigation2/share/turtlebot3_navigation2/map/map.pgm
[0.170s] -- Up-to-date symlink: /home/leonardo/turtlebot3_ws/install/turtlebot3_navigation2/share/turtlebot3_navigation2/map/map.yaml
[0.170s] -- Up-to-date symlink: /home/leonardo/turtlebot3_ws/install/turtlebot3_navigation2/share/turtlebot3_navigation2/param/burger.yaml
[0.170s] -- Up-to-date symlink: /home/leonardo/turtlebot3_ws/install/turtlebot3_navigation2/share/turtlebot3_navigation2/param/waffle.yaml
[0.170s] -- Up-to-date symlink: /home/leonardo/turtlebot3_ws/install/turtlebot3_navigation2/share/turtlebot3_navigation2/param/waffle_pi.yaml
[0.170s] -- Up-to-date symlink: /home/leonardo/turtlebot3_ws/install/turtlebot3_navigation2/share/turtlebot3_navigation2/rviz/tb3_navigation2.rviz
[0.170s] -- Up-to-date symlink: /home/leonardo/turtlebot3_ws/install/turtlebot3_navigation2/share/ament_index/resource_index/package_run_dependencies/turtlebot3_navigation2
[0.170s] -- Up-to-date symlink: /home/leonardo/turtlebot3_ws/install/turtlebot3_navigation2/share/ament_index/resource_index/parent_prefix_path/turtlebot3_navigation2
[0.171s] -- Up-to-date symlink: /home/leonardo/turtlebot3_ws/install/turtlebot3_navigation2/share/turtlebot3_navigation2/environment/ament_prefix_path.sh
[0.171s] -- Up-to-date symlink: /home/leonardo/turtlebot3_ws/install/turtlebot3_navigation2/share/turtlebot3_navigation2/environment/ament_prefix_path.dsv
[0.171s] -- Up-to-date symlink: /home/leonardo/turtlebot3_ws/install/turtlebot3_navigation2/share/turtlebot3_navigation2/environment/path.sh
[0.171s] -- Up-to-date symlink: /home/leonardo/turtlebot3_ws/install/turtlebot3_navigation2/share/turtlebot3_navigation2/environment/path.dsv
[0.171s] -- Up-to-date symlink: /home/leonardo/turtlebot3_ws/install/turtlebot3_navigation2/share/turtlebot3_navigation2/local_setup.bash
[0.171s] -- Up-to-date symlink: /home/leonardo/turtlebot3_ws/install/turtlebot3_navigation2/share/turtlebot3_navigation2/local_setup.sh
[0.172s] -- Up-to-date symlink: /home/leonardo/turtlebot3_ws/install/turtlebot3_navigation2/share/turtlebot3_navigation2/local_setup.zsh
[0.172s] -- Up-to-date symlink: /home/leonardo/turtlebot3_ws/install/turtlebot3_navigation2/share/turtlebot3_navigation2/local_setup.dsv
[0.172s] -- Symlinking: /home/leonardo/turtlebot3_ws/install/turtlebot3_navigation2/share/turtlebot3_navigation2/package.dsv
[0.174s] -- Up-to-date symlink: /home/leonardo/turtlebot3_ws/install/turtlebot3_navigation2/share/ament_index/resource_index/packages/turtlebot3_navigation2
[0.174s] -- Up-to-date symlink: /home/leonardo/turtlebot3_ws/install/turtlebot3_navigation2/share/turtlebot3_navigation2/cmake/turtlebot3_navigation2Config.cmake
[0.174s] -- Up-to-date symlink: /home/leonardo/turtlebot3_ws/install/turtlebot3_navigation2/share/turtlebot3_navigation2/cmake/turtlebot3_navigation2Config-version.cmake
[0.174s] -- Up-to-date symlink: /home/leonardo/turtlebot3_ws/install/turtlebot3_navigation2/share/turtlebot3_navigation2/package.xml
[0.192s] Invoked command in '/home/leonardo/turtlebot3_ws/build/turtlebot3_navigation2' returned '0': CMAKE_PREFIX_PATH=${CMAKE_PREFIX_PATH}:/home/leonardo/turtlebot3_ws/install/turtlebot3_teleop:/home/leonardo/turtlebot3_ws/install/turtlebot3_example:/opt/ros/humble /usr/bin/cmake --install /home/leonardo/turtlebot3_ws/build/turtlebot3_navigation2
